

Started GET "/scripts/shared/Orders.js" for 127.0.0.1 at 2015-07-08 21:54:42 +0200
  [1m[36mActiveRecord::SchemaMigration Load (0.3ms)[0m  [1mSELECT `schema_migrations`.* FROM `schema_migrations`[0m

ActionController::RoutingError (No route matches [GET] "/scripts/shared/Orders.js"):
  actionpack (4.1.1) lib/action_dispatch/middleware/debug_exceptions.rb:21:in `call'
  actionpack (4.1.1) lib/action_dispatch/middleware/show_exceptions.rb:30:in `call'
  railties (4.1.1) lib/rails/rack/logger.rb:38:in `call_app'
  railties (4.1.1) lib/rails/rack/logger.rb:20:in `block in call'
  activesupport (4.1.1) lib/active_support/tagged_logging.rb:68:in `block in tagged'
  activesupport (4.1.1) lib/active_support/tagged_logging.rb:26:in `tagged'
  activesupport (4.1.1) lib/active_support/tagged_logging.rb:68:in `tagged'
  railties (4.1.1) lib/rails/rack/logger.rb:20:in `call'
  actionpack (4.1.1) lib/action_dispatch/middleware/request_id.rb:21:in `call'
  rack (1.5.2) lib/rack/methodoverride.rb:21:in `call'
  rack (1.5.2) lib/rack/runtime.rb:17:in `call'
  activesupport (4.1.1) lib/active_support/cache/strategy/local_cache_middleware.rb:26:in `call'
  rack (1.5.2) lib/rack/lock.rb:17:in `call'
  actionpack (4.1.1) lib/action_dispatch/middleware/static.rb:64:in `call'
  rack (1.5.2) lib/rack/sendfile.rb:112:in `call'
  railties (4.1.1) lib/rails/engine.rb:514:in `call'
  railties (4.1.1) lib/rails/application.rb:144:in `call'
  rack (1.5.2) lib/rack/lock.rb:17:in `call'
  rack (1.5.2) lib/rack/content_length.rb:14:in `call'
  rack (1.5.2) lib/rack/handler/webrick.rb:60:in `service'
  /home/adam/.rvm/rubies/ruby-2.2.0/lib/ruby/2.2.0/webrick/httpserver.rb:138:in `service'
  /home/adam/.rvm/rubies/ruby-2.2.0/lib/ruby/2.2.0/webrick/httpserver.rb:94:in `run'
  /home/adam/.rvm/rubies/ruby-2.2.0/lib/ruby/2.2.0/webrick/server.rb:294:in `block in start_thread'


  Rendered /home/adam/.rvm/gems/ruby-2.2.0/gems/actionpack-4.1.1/lib/action_dispatch/middleware/templates/rescues/_trace.html.erb (1.7ms)
  Rendered /home/adam/.rvm/gems/ruby-2.2.0/gems/actionpack-4.1.1/lib/action_dispatch/middleware/templates/routes/_route.html.erb (9.9ms)
  Rendered /home/adam/.rvm/gems/ruby-2.2.0/gems/actionpack-4.1.1/lib/action_dispatch/middleware/templates/routes/_table.html.erb (20.6ms)
  Rendered /home/adam/.rvm/gems/ruby-2.2.0/gems/actionpack-4.1.1/lib/action_dispatch/middleware/templates/rescues/routing_error.html.erb within rescues/layout (98.9ms)


Started GET "/scripts/shared/Orders.js" for 127.0.0.1 at 2015-07-08 21:54:43 +0200

ActionController::RoutingError (No route matches [GET] "/scripts/shared/Orders.js"):
  actionpack (4.1.1) lib/action_dispatch/middleware/debug_exceptions.rb:21:in `call'
  actionpack (4.1.1) lib/action_dispatch/middleware/show_exceptions.rb:30:in `call'
  railties (4.1.1) lib/rails/rack/logger.rb:38:in `call_app'
  railties (4.1.1) lib/rails/rack/logger.rb:20:in `block in call'
  activesupport (4.1.1) lib/active_support/tagged_logging.rb:68:in `block in tagged'
  activesupport (4.1.1) lib/active_support/tagged_logging.rb:26:in `tagged'
  activesupport (4.1.1) lib/active_support/tagged_logging.rb:68:in `tagged'
  railties (4.1.1) lib/rails/rack/logger.rb:20:in `call'
  actionpack (4.1.1) lib/action_dispatch/middleware/request_id.rb:21:in `call'
  rack (1.5.2) lib/rack/methodoverride.rb:21:in `call'
  rack (1.5.2) lib/rack/runtime.rb:17:in `call'
  activesupport (4.1.1) lib/active_support/cache/strategy/local_cache_middleware.rb:26:in `call'
  rack (1.5.2) lib/rack/lock.rb:17:in `call'
  actionpack (4.1.1) lib/action_dispatch/middleware/static.rb:64:in `call'
  rack (1.5.2) lib/rack/sendfile.rb:112:in `call'
  railties (4.1.1) lib/rails/engine.rb:514:in `call'
  railties (4.1.1) lib/rails/application.rb:144:in `call'
  rack (1.5.2) lib/rack/lock.rb:17:in `call'
  rack (1.5.2) lib/rack/content_length.rb:14:in `call'
  rack (1.5.2) lib/rack/handler/webrick.rb:60:in `service'
  /home/adam/.rvm/rubies/ruby-2.2.0/lib/ruby/2.2.0/webrick/httpserver.rb:138:in `service'
  /home/adam/.rvm/rubies/ruby-2.2.0/lib/ruby/2.2.0/webrick/httpserver.rb:94:in `run'
  /home/adam/.rvm/rubies/ruby-2.2.0/lib/ruby/2.2.0/webrick/server.rb:294:in `block in start_thread'


  Rendered /home/adam/.rvm/gems/ruby-2.2.0/gems/actionpack-4.1.1/lib/action_dispatch/middleware/templates/rescues/_trace.html.erb (2.3ms)
  Rendered /home/adam/.rvm/gems/ruby-2.2.0/gems/actionpack-4.1.1/lib/action_dispatch/middleware/templates/routes/_route.html.erb (5.4ms)
  Rendered /home/adam/.rvm/gems/ruby-2.2.0/gems/actionpack-4.1.1/lib/action_dispatch/middleware/templates/routes/_table.html.erb (1.5ms)
  Rendered /home/adam/.rvm/gems/ruby-2.2.0/gems/actionpack-4.1.1/lib/action_dispatch/middleware/templates/rescues/routing_error.html.erb within rescues/layout (51.1ms)


Started GET "/scripts/shared/Orders.js" for 127.0.0.1 at 2015-07-08 21:54:47 +0200

ActionController::RoutingError (No route matches [GET] "/scripts/shared/Orders.js"):
  actionpack (4.1.1) lib/action_dispatch/middleware/debug_exceptions.rb:21:in `call'
  actionpack (4.1.1) lib/action_dispatch/middleware/show_exceptions.rb:30:in `call'
  railties (4.1.1) lib/rails/rack/logger.rb:38:in `call_app'
  railties (4.1.1) lib/rails/rack/logger.rb:20:in `block in call'
  activesupport (4.1.1) lib/active_support/tagged_logging.rb:68:in `block in tagged'
  activesupport (4.1.1) lib/active_support/tagged_logging.rb:26:in `tagged'
  activesupport (4.1.1) lib/active_support/tagged_logging.rb:68:in `tagged'
  railties (4.1.1) lib/rails/rack/logger.rb:20:in `call'
  actionpack (4.1.1) lib/action_dispatch/middleware/request_id.rb:21:in `call'
  rack (1.5.2) lib/rack/methodoverride.rb:21:in `call'
  rack (1.5.2) lib/rack/runtime.rb:17:in `call'
  activesupport (4.1.1) lib/active_support/cache/strategy/local_cache_middleware.rb:26:in `call'
  rack (1.5.2) lib/rack/lock.rb:17:in `call'
  actionpack (4.1.1) lib/action_dispatch/middleware/static.rb:64:in `call'
  rack (1.5.2) lib/rack/sendfile.rb:112:in `call'
  railties (4.1.1) lib/rails/engine.rb:514:in `call'
  railties (4.1.1) lib/rails/application.rb:144:in `call'
  rack (1.5.2) lib/rack/lock.rb:17:in `call'
  rack (1.5.2) lib/rack/content_length.rb:14:in `call'
  rack (1.5.2) lib/rack/handler/webrick.rb:60:in `service'
  /home/adam/.rvm/rubies/ruby-2.2.0/lib/ruby/2.2.0/webrick/httpserver.rb:138:in `service'
  /home/adam/.rvm/rubies/ruby-2.2.0/lib/ruby/2.2.0/webrick/httpserver.rb:94:in `run'
  /home/adam/.rvm/rubies/ruby-2.2.0/lib/ruby/2.2.0/webrick/server.rb:294:in `block in start_thread'


  Rendered /home/adam/.rvm/gems/ruby-2.2.0/gems/actionpack-4.1.1/lib/action_dispatch/middleware/templates/rescues/_trace.html.erb (1.7ms)
  Rendered /home/adam/.rvm/gems/ruby-2.2.0/gems/actionpack-4.1.1/lib/action_dispatch/middleware/templates/routes/_route.html.erb (6.9ms)
  Rendered /home/adam/.rvm/gems/ruby-2.2.0/gems/actionpack-4.1.1/lib/action_dispatch/middleware/templates/routes/_table.html.erb (1.4ms)
  Rendered /home/adam/.rvm/gems/ruby-2.2.0/gems/actionpack-4.1.1/lib/action_dispatch/middleware/templates/rescues/routing_error.html.erb within rescues/layout (39.7ms)


Started GET "/scripts/shared/Orders.js" for 127.0.0.1 at 2015-07-08 21:54:47 +0200

ActionController::RoutingError (No route matches [GET] "/scripts/shared/Orders.js"):
  actionpack (4.1.1) lib/action_dispatch/middleware/debug_exceptions.rb:21:in `call'
  actionpack (4.1.1) lib/action_dispatch/middleware/show_exceptions.rb:30:in `call'
  railties (4.1.1) lib/rails/rack/logger.rb:38:in `call_app'
  railties (4.1.1) lib/rails/rack/logger.rb:20:in `block in call'
  activesupport (4.1.1) lib/active_support/tagged_logging.rb:68:in `block in tagged'
  activesupport (4.1.1) lib/active_support/tagged_logging.rb:26:in `tagged'
  activesupport (4.1.1) lib/active_support/tagged_logging.rb:68:in `tagged'
  railties (4.1.1) lib/rails/rack/logger.rb:20:in `call'
  actionpack (4.1.1) lib/action_dispatch/middleware/request_id.rb:21:in `call'
  rack (1.5.2) lib/rack/methodoverride.rb:21:in `call'
  rack (1.5.2) lib/rack/runtime.rb:17:in `call'
  activesupport (4.1.1) lib/active_support/cache/strategy/local_cache_middleware.rb:26:in `call'
  rack (1.5.2) lib/rack/lock.rb:17:in `call'
  actionpack (4.1.1) lib/action_dispatch/middleware/static.rb:64:in `call'
  rack (1.5.2) lib/rack/sendfile.rb:112:in `call'
  railties (4.1.1) lib/rails/engine.rb:514:in `call'
  railties (4.1.1) lib/rails/application.rb:144:in `call'
  rack (1.5.2) lib/rack/lock.rb:17:in `call'
  rack (1.5.2) lib/rack/content_length.rb:14:in `call'
  rack (1.5.2) lib/rack/handler/webrick.rb:60:in `service'
  /home/adam/.rvm/rubies/ruby-2.2.0/lib/ruby/2.2.0/webrick/httpserver.rb:138:in `service'
  /home/adam/.rvm/rubies/ruby-2.2.0/lib/ruby/2.2.0/webrick/httpserver.rb:94:in `run'
  /home/adam/.rvm/rubies/ruby-2.2.0/lib/ruby/2.2.0/webrick/server.rb:294:in `block in start_thread'


  Rendered /home/adam/.rvm/gems/ruby-2.2.0/gems/actionpack-4.1.1/lib/action_dispatch/middleware/templates/rescues/_trace.html.erb (2.1ms)
  Rendered /home/adam/.rvm/gems/ruby-2.2.0/gems/actionpack-4.1.1/lib/action_dispatch/middleware/templates/routes/_route.html.erb (5.0ms)
  Rendered /home/adam/.rvm/gems/ruby-2.2.0/gems/actionpack-4.1.1/lib/action_dispatch/middleware/templates/routes/_table.html.erb (1.9ms)
  Rendered /home/adam/.rvm/gems/ruby-2.2.0/gems/actionpack-4.1.1/lib/action_dispatch/middleware/templates/rescues/routing_error.html.erb within rescues/layout (41.8ms)


Started GET "/v1/users" for 127.0.0.1 at 2015-07-08 21:55:15 +0200
Processing by V1::UsersController#index as JSON
  [1m[35mUser Load (0.6ms)[0m  SELECT  `users`.* FROM `users`  WHERE `users`.`auth_token` = '4da2d54db390a919a95eadd9513bbc40' LIMIT 1
  [1m[36mUser Load (1.0ms)[0m  [1mSELECT `users`.* FROM `users`  WHERE `users`.`archived` = 0[0m
Completed 200 OK in 500ms (Views: 434.1ms | ActiveRecord: 3.4ms)


Started GET "/v1/venues" for 127.0.0.1 at 2015-07-08 21:55:37 +0200
Processing by V1::VenuesController#index as JSON
  [1m[35mUser Load (0.5ms)[0m  SELECT  `users`.* FROM `users`  WHERE `users`.`auth_token` = '4da2d54db390a919a95eadd9513bbc40' LIMIT 1
  [1m[36mVenue Load (0.5ms)[0m  [1mSELECT `venues`.* FROM `venues`  WHERE `venues`.`archived` = 0[0m
Completed 200 OK in 138ms (Views: 119.3ms | ActiveRecord: 2.4ms)


Started GET "/v1/users" for 127.0.0.1 at 2015-07-08 21:55:40 +0200
Processing by V1::UsersController#index as JSON
  [1m[35mUser Load (0.5ms)[0m  SELECT  `users`.* FROM `users`  WHERE `users`.`auth_token` = '4da2d54db390a919a95eadd9513bbc40' LIMIT 1
  [1m[36mUser Load (0.7ms)[0m  [1mSELECT `users`.* FROM `users`  WHERE `users`.`archived` = 0[0m
Completed 200 OK in 361ms (Views: 356.7ms | ActiveRecord: 1.2ms)


Started GET "/v1/users" for 127.0.0.1 at 2015-07-08 21:55:45 +0200
Processing by V1::UsersController#index as JSON
  [1m[35mUser Load (0.5ms)[0m  SELECT  `users`.* FROM `users`  WHERE `users`.`auth_token` = '4da2d54db390a919a95eadd9513bbc40' LIMIT 1
  [1m[36mUser Load (0.6ms)[0m  [1mSELECT `users`.* FROM `users`  WHERE `users`.`archived` = 0[0m
Completed 200 OK in 361ms (Views: 357.3ms | ActiveRecord: 1.1ms)


Started GET "/v1/orders" for 127.0.0.1 at 2015-07-08 21:56:16 +0200

ActionController::RoutingError (No route matches [GET] "/v1/orders"):
  actionpack (4.1.1) lib/action_dispatch/middleware/debug_exceptions.rb:21:in `call'
  actionpack (4.1.1) lib/action_dispatch/middleware/show_exceptions.rb:30:in `call'
  railties (4.1.1) lib/rails/rack/logger.rb:38:in `call_app'
  railties (4.1.1) lib/rails/rack/logger.rb:20:in `block in call'
  activesupport (4.1.1) lib/active_support/tagged_logging.rb:68:in `block in tagged'
  activesupport (4.1.1) lib/active_support/tagged_logging.rb:26:in `tagged'
  activesupport (4.1.1) lib/active_support/tagged_logging.rb:68:in `tagged'
  railties (4.1.1) lib/rails/rack/logger.rb:20:in `call'
  actionpack (4.1.1) lib/action_dispatch/middleware/request_id.rb:21:in `call'
  rack (1.5.2) lib/rack/methodoverride.rb:21:in `call'
  rack (1.5.2) lib/rack/runtime.rb:17:in `call'
  activesupport (4.1.1) lib/active_support/cache/strategy/local_cache_middleware.rb:26:in `call'
  rack (1.5.2) lib/rack/lock.rb:17:in `call'
  actionpack (4.1.1) lib/action_dispatch/middleware/static.rb:64:in `call'
  rack (1.5.2) lib/rack/sendfile.rb:112:in `call'
  railties (4.1.1) lib/rails/engine.rb:514:in `call'
  railties (4.1.1) lib/rails/application.rb:144:in `call'
  rack (1.5.2) lib/rack/lock.rb:17:in `call'
  rack (1.5.2) lib/rack/content_length.rb:14:in `call'
  rack (1.5.2) lib/rack/handler/webrick.rb:60:in `service'
  /home/adam/.rvm/rubies/ruby-2.2.0/lib/ruby/2.2.0/webrick/httpserver.rb:138:in `service'
  /home/adam/.rvm/rubies/ruby-2.2.0/lib/ruby/2.2.0/webrick/httpserver.rb:94:in `run'
  /home/adam/.rvm/rubies/ruby-2.2.0/lib/ruby/2.2.0/webrick/server.rb:294:in `block in start_thread'


  Rendered /home/adam/.rvm/gems/ruby-2.2.0/gems/actionpack-4.1.1/lib/action_dispatch/middleware/templates/rescues/_trace.text.erb (1.2ms)
  Rendered /home/adam/.rvm/gems/ruby-2.2.0/gems/actionpack-4.1.1/lib/action_dispatch/middleware/templates/rescues/routing_error.text.erb (7.0ms)


Started GET "/v1/venues" for 127.0.0.1 at 2015-07-08 21:56:20 +0200
Processing by V1::VenuesController#index as JSON
  [1m[35mUser Load (0.5ms)[0m  SELECT  `users`.* FROM `users`  WHERE `users`.`auth_token` = '4da2d54db390a919a95eadd9513bbc40' LIMIT 1
  [1m[36mVenue Load (0.5ms)[0m  [1mSELECT `venues`.* FROM `venues`  WHERE `venues`.`archived` = 0[0m
Completed 200 OK in 104ms (Views: 100.8ms | ActiveRecord: 1.0ms)


Started GET "/v1/users" for 127.0.0.1 at 2015-07-08 21:56:30 +0200
Processing by V1::UsersController#index as JSON
  [1m[35mUser Load (0.4ms)[0m  SELECT  `users`.* FROM `users`  WHERE `users`.`auth_token` = '4da2d54db390a919a95eadd9513bbc40' LIMIT 1
  [1m[36mUser Load (0.7ms)[0m  [1mSELECT `users`.* FROM `users`  WHERE `users`.`archived` = 0[0m
Completed 200 OK in 455ms (Views: 452.1ms | ActiveRecord: 1.1ms)


Started GET "/v1/users" for 127.0.0.1 at 2015-07-08 21:56:42 +0200
Processing by V1::UsersController#index as JSON
  [1m[35mUser Load (0.5ms)[0m  SELECT  `users`.* FROM `users`  WHERE `users`.`auth_token` = '4da2d54db390a919a95eadd9513bbc40' LIMIT 1
  [1m[36mUser Load (0.6ms)[0m  [1mSELECT `users`.* FROM `users`  WHERE `users`.`archived` = 0[0m
Completed 200 OK in 398ms (Views: 394.1ms | ActiveRecord: 1.2ms)


Started GET "/v1/users" for 127.0.0.1 at 2015-07-08 21:57:08 +0200
Processing by V1::UsersController#index as JSON
  [1m[35mUser Load (0.7ms)[0m  SELECT  `users`.* FROM `users`  WHERE `users`.`auth_token` = '4da2d54db390a919a95eadd9513bbc40' LIMIT 1
  [1m[36mUser Load (0.8ms)[0m  [1mSELECT `users`.* FROM `users`  WHERE `users`.`archived` = 0[0m
Completed 200 OK in 408ms (Views: 403.6ms | ActiveRecord: 1.5ms)


Started GET "/v1/users" for 127.0.0.1 at 2015-07-08 22:00:01 +0200
Processing by V1::UsersController#index as JSON
  [1m[35mUser Load (0.6ms)[0m  SELECT  `users`.* FROM `users`  WHERE `users`.`auth_token` = '4da2d54db390a919a95eadd9513bbc40' LIMIT 1
  [1m[36mUser Load (1.0ms)[0m  [1mSELECT `users`.* FROM `users`  WHERE `users`.`archived` = 0[0m
Completed 200 OK in 517ms (Views: 511.1ms | ActiveRecord: 1.6ms)


Started GET "/v1/venues" for 127.0.0.1 at 2015-07-08 22:00:09 +0200
Processing by V1::VenuesController#index as JSON
  [1m[35mUser Load (0.5ms)[0m  SELECT  `users`.* FROM `users`  WHERE `users`.`auth_token` = '4da2d54db390a919a95eadd9513bbc40' LIMIT 1
  [1m[36mVenue Load (0.5ms)[0m  [1mSELECT `venues`.* FROM `venues`  WHERE `venues`.`archived` = 0[0m
Completed 200 OK in 92ms (Views: 88.5ms | ActiveRecord: 1.0ms)


Started GET "/v1/venues" for 127.0.0.1 at 2015-07-08 22:00:14 +0200
Processing by V1::VenuesController#index as JSON
  [1m[35mUser Load (0.5ms)[0m  SELECT  `users`.* FROM `users`  WHERE `users`.`auth_token` = '4da2d54db390a919a95eadd9513bbc40' LIMIT 1
  [1m[36mVenue Load (0.5ms)[0m  [1mSELECT `venues`.* FROM `venues`  WHERE `venues`.`archived` = 0[0m
Completed 200 OK in 110ms (Views: 106.2ms | ActiveRecord: 1.0ms)


Started GET "/v1/order_items" for 127.0.0.1 at 2015-07-08 22:11:35 +0200
  [1m[36mActiveRecord::SchemaMigration Load (0.4ms)[0m  [1mSELECT `schema_migrations`.* FROM `schema_migrations`[0m
Processing by V1::OrderItemsController#index as JSON
  [1m[35mUser Load (0.5ms)[0m  SELECT  `users`.* FROM `users`  WHERE `users`.`auth_token` = '4da2d54db390a919a95eadd9513bbc40' LIMIT 1
  [1m[36mOrderItem Load (0.8ms)[0m  [1mSELECT `order_items`.* FROM `order_items`[0m
  [1m[35mOrder Load (1.3ms)[0m  SELECT `orders`.* FROM `orders`  WHERE `orders`.`id` IN (51, 52, 53, 54, 55, 57, 58, 59, 60, 61, 62, 63, 64, 65, 66, 67, 68, 69, 70, 71, 72, 73, 74, 75, 76, 77, 78, 79, 80, 81, 82, 83, 84, 85, 86, 87, 88, 89, 90, 91, 92, 93, 94, 95, 96, 97, 98, 99, 100, 101, 102, 103, 104, 105, 106, 107, 108, 109, 111, 112, 113, 114, 115, 116, 117, 118, 119, 120, 121, 122, 123, 124, 125, 126, 127, 128, 129, 130, 131, 132, 134, 135, 136, 137, 138, 139, 140, 141, 142, 143, 144, 145, 146, 147, 148, 149, 150, 151, 152, 153, 154, 155, 156, 157, 158, 159, 160, 161, 162, 163, 164, 165, 166, 167, 168, 169, 170, 171, 172, 173, 174, 175, 176, 177, 178, 179, 180, 181, 182, 183, 184, 185, 186, 187, 188, 189, 190, 191, 192, 193, 194, 195, 196, 197, 198, 199, 200, 201, 202, 203, 204, 205, 206, 207, 208, 209, 210, 211, 212, 213, 214, 215, 216, 217, 218, 219, 220, 221, 222, 223, 224, 225, 226, 227, 228, 229, 230, 231, 232, 233, 234, 235, 236, 237, 238, 239, 240, 241, 242, 243, 244, 245, 246, 247, 248, 249, 250, 251, 252, 253, 255, 256, 257, 258, 260, 261, 262, 263, 264, 265, 266, 267, 268, 269, 270, 271, 272, 273, 274, 275, 276, 277, 278, 279, 280, 281, 282, 283, 284, 285)
  [1m[36mVenue Load (0.6ms)[0m  [1mSELECT `venues`.* FROM `venues`  WHERE `venues`.`id` IN (1, 3, 8, 9, 2, 10, 0, 12, 15, 33, 11, 13, 34, 35)[0m
  [1m[35mVenue Load (0.5ms)[0m  SELECT  `venues`.* FROM `venues`  WHERE `venues`.`id` = 1 LIMIT 1
  [1m[36mCACHE (0.0ms)[0m  [1mSELECT  `venues`.* FROM `venues`  WHERE `venues`.`id` = 1 LIMIT 1[0m  [["id", 1]]
  [1m[35mCACHE (0.0ms)[0m  SELECT  `venues`.* FROM `venues`  WHERE `venues`.`id` = 1 LIMIT 1  [["id", 1]]
  [1m[36mCACHE (0.0ms)[0m  [1mSELECT  `venues`.* FROM `venues`  WHERE `venues`.`id` = 1 LIMIT 1[0m  [["id", 1]]
  [1m[35mCACHE (0.0ms)[0m  SELECT  `venues`.* FROM `venues`  WHERE `venues`.`id` = 1 LIMIT 1  [["id", 1]]
  [1m[36mCACHE (0.0ms)[0m  [1mSELECT  `venues`.* FROM `venues`  WHERE `venues`.`id` = 1 LIMIT 1[0m  [["id", 1]]
  [1m[35mVenue Load (0.6ms)[0m  SELECT  `venues`.* FROM `venues`  WHERE `venues`.`id` = 3 LIMIT 1
  [1m[36mCACHE (0.0ms)[0m  [1mSELECT  `venues`.* FROM `venues`  WHERE `venues`.`id` = 3 LIMIT 1[0m  [["id", 3]]
  [1m[35mCACHE (0.0ms)[0m  SELECT  `venues`.* FROM `venues`  WHERE `venues`.`id` = 1 LIMIT 1  [["id", 1]]
  [1m[36mCACHE (0.0ms)[0m  [1mSELECT  `venues`.* FROM `venues`  WHERE `venues`.`id` = 1 LIMIT 1[0m  [["id", 1]]
  [1m[35mCACHE (0.0ms)[0m  SELECT  `venues`.* FROM `venues`  WHERE `venues`.`id` = 1 LIMIT 1  [["id", 1]]
  [1m[36mCACHE (0.0ms)[0m  [1mSELECT  `venues`.* FROM `venues`  WHERE `venues`.`id` = 3 LIMIT 1[0m  [["id", 3]]
  [1m[35mCACHE (0.0ms)[0m  SELECT  `venues`.* FROM `venues`  WHERE `venues`.`id` = 3 LIMIT 1  [["id", 3]]
  [1m[36mCACHE (0.0ms)[0m  [1mSELECT  `venues`.* FROM `venues`  WHERE `venues`.`id` = 1 LIMIT 1[0m  [["id", 1]]
  [1m[35mCACHE (0.0ms)[0m  SELECT  `venues`.* FROM `venues`  WHERE `venues`.`id` = 1 LIMIT 1  [["id", 1]]
  [1m[36mCACHE (0.0ms)[0m  [1mSELECT  `venues`.* FROM `venues`  WHERE `venues`.`id` = 1 LIMIT 1[0m  [["id", 1]]
  [1m[35mCACHE (0.0ms)[0m  SELECT  `venues`.* FROM `venues`  WHERE `venues`.`id` = 1 LIMIT 1  [["id", 1]]
  [1m[36mCACHE (0.0ms)[0m  [1mSELECT  `venues`.* FROM `venues`  WHERE `venues`.`id` = 1 LIMIT 1[0m  [["id", 1]]
  [1m[35mCACHE (0.0ms)[0m  SELECT  `venues`.* FROM `venues`  WHERE `venues`.`id` = 1 LIMIT 1  [["id", 1]]
  [1m[36mCACHE (0.0ms)[0m  [1mSELECT  `venues`.* FROM `venues`  WHERE `venues`.`id` = 1 LIMIT 1[0m  [["id", 1]]
  [1m[35mCACHE (0.0ms)[0m  SELECT  `venues`.* FROM `venues`  WHERE `venues`.`id` = 1 LIMIT 1  [["id", 1]]
  [1m[36mCACHE (0.0ms)[0m  [1mSELECT  `venues`.* FROM `venues`  WHERE `venues`.`id` = 1 LIMIT 1[0m  [["id", 1]]
  [1m[35mCACHE (0.0ms)[0m  SELECT  `venues`.* FROM `venues`  WHERE `venues`.`id` = 1 LIMIT 1  [["id", 1]]
  [1m[36mCACHE (0.0ms)[0m  [1mSELECT  `venues`.* FROM `venues`  WHERE `venues`.`id` = 1 LIMIT 1[0m  [["id", 1]]
  [1m[35mCACHE (0.0ms)[0m  SELECT  `venues`.* FROM `venues`  WHERE `venues`.`id` = 1 LIMIT 1  [["id", 1]]
  [1m[36mCACHE (0.0ms)[0m  [1mSELECT  `venues`.* FROM `venues`  WHERE `venues`.`id` = 1 LIMIT 1[0m  [["id", 1]]
  [1m[35mCACHE (0.0ms)[0m  SELECT  `venues`.* FROM `venues`  WHERE `venues`.`id` = 1 LIMIT 1  [["id", 1]]
  [1m[36mCACHE (0.0ms)[0m  [1mSELECT  `venues`.* FROM `venues`  WHERE `venues`.`id` = 1 LIMIT 1[0m  [["id", 1]]
  [1m[35mCACHE (0.0ms)[0m  SELECT  `venues`.* FROM `venues`  WHERE `venues`.`id` = 1 LIMIT 1  [["id", 1]]
  [1m[36mCACHE (0.0ms)[0m  [1mSELECT  `venues`.* FROM `venues`  WHERE `venues`.`id` = 1 LIMIT 1[0m  [["id", 1]]
  [1m[35mCACHE (0.0ms)[0m  SELECT  `venues`.* FROM `venues`  WHERE `venues`.`id` = 3 LIMIT 1  [["id", 3]]
  [1m[36mCACHE (0.0ms)[0m  [1mSELECT  `venues`.* FROM `venues`  WHERE `venues`.`id` = 3 LIMIT 1[0m  [["id", 3]]
  [1m[35mCACHE (0.0ms)[0m  SELECT  `venues`.* FROM `venues`  WHERE `venues`.`id` = 3 LIMIT 1  [["id", 3]]
  [1m[36mCACHE (0.0ms)[0m  [1mSELECT  `venues`.* FROM `venues`  WHERE `venues`.`id` = 3 LIMIT 1[0m  [["id", 3]]
  [1m[35mCACHE (0.0ms)[0m  SELECT  `venues`.* FROM `venues`  WHERE `venues`.`id` = 1 LIMIT 1  [["id", 1]]
  [1m[36mCACHE (0.0ms)[0m  [1mSELECT  `venues`.* FROM `venues`  WHERE `venues`.`id` = 1 LIMIT 1[0m  [["id", 1]]
  [1m[35mCACHE (0.0ms)[0m  SELECT  `venues`.* FROM `venues`  WHERE `venues`.`id` = 1 LIMIT 1  [["id", 1]]
  [1m[36mCACHE (0.0ms)[0m  [1mSELECT  `venues`.* FROM `venues`  WHERE `venues`.`id` = 3 LIMIT 1[0m  [["id", 3]]
  [1m[35mCACHE (0.0ms)[0m  SELECT  `venues`.* FROM `venues`  WHERE `venues`.`id` = 3 LIMIT 1  [["id", 3]]
  [1m[36mCACHE (0.0ms)[0m  [1mSELECT  `venues`.* FROM `venues`  WHERE `venues`.`id` = 1 LIMIT 1[0m  [["id", 1]]
  [1m[35mCACHE (0.0ms)[0m  SELECT  `venues`.* FROM `venues`  WHERE `venues`.`id` = 3 LIMIT 1  [["id", 3]]
  [1m[36mCACHE (0.0ms)[0m  [1mSELECT  `venues`.* FROM `venues`  WHERE `venues`.`id` = 3 LIMIT 1[0m  [["id", 3]]
  [1m[35mCACHE (0.0ms)[0m  SELECT  `venues`.* FROM `venues`  WHERE `venues`.`id` = 3 LIMIT 1  [["id", 3]]
  [1m[36mCACHE (0.0ms)[0m  [1mSELECT  `venues`.* FROM `venues`  WHERE `venues`.`id` = 1 LIMIT 1[0m  [["id", 1]]
  [1m[35mCACHE (0.0ms)[0m  SELECT  `venues`.* FROM `venues`  WHERE `venues`.`id` = 1 LIMIT 1  [["id", 1]]
  [1m[36mCACHE (0.0ms)[0m  [1mSELECT  `venues`.* FROM `venues`  WHERE `venues`.`id` = 3 LIMIT 1[0m  [["id", 3]]
  [1m[35mCACHE (0.0ms)[0m  SELECT  `venues`.* FROM `venues`  WHERE `venues`.`id` = 3 LIMIT 1  [["id", 3]]
  [1m[36mCACHE (0.0ms)[0m  [1mSELECT  `venues`.* FROM `venues`  WHERE `venues`.`id` = 3 LIMIT 1[0m  [["id", 3]]
  [1m[35mCACHE (0.0ms)[0m  SELECT  `venues`.* FROM `venues`  WHERE `venues`.`id` = 3 LIMIT 1  [["id", 3]]
  [1m[36mCACHE (0.0ms)[0m  [1mSELECT  `venues`.* FROM `venues`  WHERE `venues`.`id` = 3 LIMIT 1[0m  [["id", 3]]
  [1m[35mCACHE (0.0ms)[0m  SELECT  `venues`.* FROM `venues`  WHERE `venues`.`id` = 3 LIMIT 1  [["id", 3]]
  [1m[36mCACHE (0.0ms)[0m  [1mSELECT  `venues`.* FROM `venues`  WHERE `venues`.`id` = 3 LIMIT 1[0m  [["id", 3]]
  [1m[35mCACHE (0.0ms)[0m  SELECT  `venues`.* FROM `venues`  WHERE `venues`.`id` = 3 LIMIT 1  [["id", 3]]
  [1m[36mCACHE (0.0ms)[0m  [1mSELECT  `venues`.* FROM `venues`  WHERE `venues`.`id` = 3 LIMIT 1[0m  [["id", 3]]
  [1m[35mCACHE (0.0ms)[0m  SELECT  `venues`.* FROM `venues`  WHERE `venues`.`id` = 3 LIMIT 1  [["id", 3]]
  [1m[36mCACHE (0.0ms)[0m  [1mSELECT  `venues`.* FROM `venues`  WHERE `venues`.`id` = 3 LIMIT 1[0m  [["id", 3]]
  [1m[35mCACHE (0.0ms)[0m  SELECT  `venues`.* FROM `venues`  WHERE `venues`.`id` = 3 LIMIT 1  [["id", 3]]
  [1m[36mCACHE (0.0ms)[0m  [1mSELECT  `venues`.* FROM `venues`  WHERE `venues`.`id` = 3 LIMIT 1[0m  [["id", 3]]
  [1m[35mCACHE (0.0ms)[0m  SELECT  `venues`.* FROM `venues`  WHERE `venues`.`id` = 3 LIMIT 1  [["id", 3]]
  [1m[36mCACHE (0.0ms)[0m  [1mSELECT  `venues`.* FROM `venues`  WHERE `venues`.`id` = 3 LIMIT 1[0m  [["id", 3]]
  [1m[35mCACHE (0.0ms)[0m  SELECT  `venues`.* FROM `venues`  WHERE `venues`.`id` = 3 LIMIT 1  [["id", 3]]
  [1m[36mCACHE (0.0ms)[0m  [1mSELECT  `venues`.* FROM `venues`  WHERE `venues`.`id` = 3 LIMIT 1[0m  [["id", 3]]
  [1m[35mCACHE (0.0ms)[0m  SELECT  `venues`.* FROM `venues`  WHERE `venues`.`id` = 3 LIMIT 1  [["id", 3]]
  [1m[36mCACHE (0.0ms)[0m  [1mSELECT  `venues`.* FROM `venues`  WHERE `venues`.`id` = 3 LIMIT 1[0m  [["id", 3]]
  [1m[35mCACHE (0.0ms)[0m  SELECT  `venues`.* FROM `venues`  WHERE `venues`.`id` = 3 LIMIT 1  [["id", 3]]
  [1m[36mCACHE (0.0ms)[0m  [1mSELECT  `venues`.* FROM `venues`  WHERE `venues`.`id` = 1 LIMIT 1[0m  [["id", 1]]
  [1m[35mCACHE (0.0ms)[0m  SELECT  `venues`.* FROM `venues`  WHERE `venues`.`id` = 1 LIMIT 1  [["id", 1]]
  [1m[36mCACHE (0.0ms)[0m  [1mSELECT  `venues`.* FROM `venues`  WHERE `venues`.`id` = 3 LIMIT 1[0m  [["id", 3]]
  [1m[35mCACHE (0.0ms)[0m  SELECT  `venues`.* FROM `venues`  WHERE `venues`.`id` = 3 LIMIT 1  [["id", 3]]
  [1m[36mCACHE (0.0ms)[0m  [1mSELECT  `venues`.* FROM `venues`  WHERE `venues`.`id` = 1 LIMIT 1[0m  [["id", 1]]
  [1m[35mCACHE (0.0ms)[0m  SELECT  `venues`.* FROM `venues`  WHERE `venues`.`id` = 1 LIMIT 1  [["id", 1]]
  [1m[36mCACHE (0.0ms)[0m  [1mSELECT  `venues`.* FROM `venues`  WHERE `venues`.`id` = 1 LIMIT 1[0m  [["id", 1]]
  [1m[35mCACHE (0.0ms)[0m  SELECT  `venues`.* FROM `venues`  WHERE `venues`.`id` = 1 LIMIT 1  [["id", 1]]
  [1m[36mCACHE (0.0ms)[0m  [1mSELECT  `venues`.* FROM `venues`  WHERE `venues`.`id` = 3 LIMIT 1[0m  [["id", 3]]
  [1m[35mCACHE (0.0ms)[0m  SELECT  `venues`.* FROM `venues`  WHERE `venues`.`id` = 3 LIMIT 1  [["id", 3]]
  [1m[36mCACHE (0.0ms)[0m  [1mSELECT  `venues`.* FROM `venues`  WHERE `venues`.`id` = 3 LIMIT 1[0m  [["id", 3]]
  [1m[35mCACHE (0.0ms)[0m  SELECT  `venues`.* FROM `venues`  WHERE `venues`.`id` = 3 LIMIT 1  [["id", 3]]
  [1m[36mCACHE (0.0ms)[0m  [1mSELECT  `venues`.* FROM `venues`  WHERE `venues`.`id` = 3 LIMIT 1[0m  [["id", 3]]
  [1m[35mCACHE (0.0ms)[0m  SELECT  `venues`.* FROM `venues`  WHERE `venues`.`id` = 3 LIMIT 1  [["id", 3]]
  [1m[36mCACHE (0.0ms)[0m  [1mSELECT  `venues`.* FROM `venues`  WHERE `venues`.`id` = 3 LIMIT 1[0m  [["id", 3]]
  [1m[35mCACHE (0.0ms)[0m  SELECT  `venues`.* FROM `venues`  WHERE `venues`.`id` = 3 LIMIT 1  [["id", 3]]
  [1m[36mCACHE (0.0ms)[0m  [1mSELECT  `venues`.* FROM `venues`  WHERE `venues`.`id` = 3 LIMIT 1[0m  [["id", 3]]
  [1m[35mCACHE (0.0ms)[0m  SELECT  `venues`.* FROM `venues`  WHERE `venues`.`id` = 3 LIMIT 1  [["id", 3]]
  [1m[36mCACHE (0.0ms)[0m  [1mSELECT  `venues`.* FROM `venues`  WHERE `venues`.`id` = 3 LIMIT 1[0m  [["id", 3]]
  [1m[35mCACHE (0.0ms)[0m  SELECT  `venues`.* FROM `venues`  WHERE `venues`.`id` = 3 LIMIT 1  [["id", 3]]
  [1m[36mCACHE (0.0ms)[0m  [1mSELECT  `venues`.* FROM `venues`  WHERE `venues`.`id` = 3 LIMIT 1[0m  [["id", 3]]
  [1m[35mCACHE (0.0ms)[0m  SELECT  `venues`.* FROM `venues`  WHERE `venues`.`id` = 1 LIMIT 1  [["id", 1]]
  [1m[36mCACHE (0.0ms)[0m  [1mSELECT  `venues`.* FROM `venues`  WHERE `venues`.`id` = 3 LIMIT 1[0m  [["id", 3]]
  [1m[35mCACHE (0.0ms)[0m  SELECT  `venues`.* FROM `venues`  WHERE `venues`.`id` = 3 LIMIT 1  [["id", 3]]
  [1m[36mCACHE (0.0ms)[0m  [1mSELECT  `venues`.* FROM `venues`  WHERE `venues`.`id` = 3 LIMIT 1[0m  [["id", 3]]
  [1m[35mCACHE (0.0ms)[0m  SELECT  `venues`.* FROM `venues`  WHERE `venues`.`id` = 3 LIMIT 1  [["id", 3]]
  [1m[36mCACHE (0.0ms)[0m  [1mSELECT  `venues`.* FROM `venues`  WHERE `venues`.`id` = 3 LIMIT 1[0m  [["id", 3]]
  [1m[35mCACHE (0.0ms)[0m  SELECT  `venues`.* FROM `venues`  WHERE `venues`.`id` = 3 LIMIT 1  [["id", 3]]
  [1m[36mCACHE (0.1ms)[0m  [1mSELECT  `venues`.* FROM `venues`  WHERE `venues`.`id` = 3 LIMIT 1[0m  [["id", 3]]
  [1m[35mCACHE (0.0ms)[0m  SELECT  `venues`.* FROM `venues`  WHERE `venues`.`id` = 3 LIMIT 1  [["id", 3]]
  [1m[36mCACHE (0.0ms)[0m  [1mSELECT  `venues`.* FROM `venues`  WHERE `venues`.`id` = 3 LIMIT 1[0m  [["id", 3]]
  [1m[35mCACHE (0.0ms)[0m  SELECT  `venues`.* FROM `venues`  WHERE `venues`.`id` = 3 LIMIT 1  [["id", 3]]
  [1m[36mCACHE (0.0ms)[0m  [1mSELECT  `venues`.* FROM `venues`  WHERE `venues`.`id` = 3 LIMIT 1[0m  [["id", 3]]
  [1m[35mVenue Load (0.4ms)[0m  SELECT  `venues`.* FROM `venues`  WHERE `venues`.`id` = 8 LIMIT 1
  [1m[36mCACHE (0.0ms)[0m  [1mSELECT  `venues`.* FROM `venues`  WHERE `venues`.`id` = 8 LIMIT 1[0m  [["id", 8]]
  [1m[35mCACHE (0.0ms)[0m  SELECT  `venues`.* FROM `venues`  WHERE `venues`.`id` = 8 LIMIT 1  [["id", 8]]
  [1m[36mCACHE (0.0ms)[0m  [1mSELECT  `venues`.* FROM `venues`  WHERE `venues`.`id` = 8 LIMIT 1[0m  [["id", 8]]
  [1m[35mVenue Load (0.4ms)[0m  SELECT  `venues`.* FROM `venues`  WHERE `venues`.`id` = 9 LIMIT 1
  [1m[36mCACHE (0.0ms)[0m  [1mSELECT  `venues`.* FROM `venues`  WHERE `venues`.`id` = 9 LIMIT 1[0m  [["id", 9]]
  [1m[35mVenue Load (0.4ms)[0m  SELECT  `venues`.* FROM `venues`  WHERE `venues`.`id` = 2 LIMIT 1
  [1m[36mCACHE (0.0ms)[0m  [1mSELECT  `venues`.* FROM `venues`  WHERE `venues`.`id` = 8 LIMIT 1[0m  [["id", 8]]
  [1m[35mCACHE (0.0ms)[0m  SELECT  `venues`.* FROM `venues`  WHERE `venues`.`id` = 8 LIMIT 1  [["id", 8]]
  [1m[36mCACHE (0.0ms)[0m  [1mSELECT  `venues`.* FROM `venues`  WHERE `venues`.`id` = 8 LIMIT 1[0m  [["id", 8]]
  [1m[35mCACHE (0.0ms)[0m  SELECT  `venues`.* FROM `venues`  WHERE `venues`.`id` = 8 LIMIT 1  [["id", 8]]
  [1m[36mCACHE (0.0ms)[0m  [1mSELECT  `venues`.* FROM `venues`  WHERE `venues`.`id` = 8 LIMIT 1[0m  [["id", 8]]
  [1m[35mCACHE (0.0ms)[0m  SELECT  `venues`.* FROM `venues`  WHERE `venues`.`id` = 8 LIMIT 1  [["id", 8]]
  [1m[36mCACHE (0.0ms)[0m  [1mSELECT  `venues`.* FROM `venues`  WHERE `venues`.`id` = 8 LIMIT 1[0m  [["id", 8]]
  [1m[35mCACHE (0.0ms)[0m  SELECT  `venues`.* FROM `venues`  WHERE `venues`.`id` = 8 LIMIT 1  [["id", 8]]
  [1m[36mVenue Load (0.5ms)[0m  [1mSELECT  `venues`.* FROM `venues`  WHERE `venues`.`id` = 10 LIMIT 1[0m
  [1m[35mCACHE (0.0ms)[0m  SELECT  `venues`.* FROM `venues`  WHERE `venues`.`id` = 9 LIMIT 1  [["id", 9]]
  [1m[36mCACHE (0.0ms)[0m  [1mSELECT  `venues`.* FROM `venues`  WHERE `venues`.`id` = 9 LIMIT 1[0m  [["id", 9]]
  [1m[35mCACHE (0.0ms)[0m  SELECT  `venues`.* FROM `venues`  WHERE `venues`.`id` = 10 LIMIT 1  [["id", 10]]
  [1m[36mCACHE (0.0ms)[0m  [1mSELECT  `venues`.* FROM `venues`  WHERE `venues`.`id` = 10 LIMIT 1[0m  [["id", 10]]
  [1m[35mCACHE (0.0ms)[0m  SELECT  `venues`.* FROM `venues`  WHERE `venues`.`id` = 10 LIMIT 1  [["id", 10]]
  [1m[36mCACHE (0.0ms)[0m  [1mSELECT  `venues`.* FROM `venues`  WHERE `venues`.`id` = 10 LIMIT 1[0m  [["id", 10]]
  [1m[35mCACHE (0.0ms)[0m  SELECT  `venues`.* FROM `venues`  WHERE `venues`.`id` = 8 LIMIT 1  [["id", 8]]
  [1m[36mCACHE (0.0ms)[0m  [1mSELECT  `venues`.* FROM `venues`  WHERE `venues`.`id` = 8 LIMIT 1[0m  [["id", 8]]
  [1m[35mCACHE (0.0ms)[0m  SELECT  `venues`.* FROM `venues`  WHERE `venues`.`id` = 8 LIMIT 1  [["id", 8]]
  [1m[36mCACHE (0.0ms)[0m  [1mSELECT  `venues`.* FROM `venues`  WHERE `venues`.`id` = 8 LIMIT 1[0m  [["id", 8]]
  [1m[35mCACHE (0.0ms)[0m  SELECT  `venues`.* FROM `venues`  WHERE `venues`.`id` = 9 LIMIT 1  [["id", 9]]
  [1m[36mCACHE (0.0ms)[0m  [1mSELECT  `venues`.* FROM `venues`  WHERE `venues`.`id` = 9 LIMIT 1[0m  [["id", 9]]
  [1m[35mCACHE (0.0ms)[0m  SELECT  `venues`.* FROM `venues`  WHERE `venues`.`id` = 9 LIMIT 1  [["id", 9]]
  [1m[36mCACHE (0.0ms)[0m  [1mSELECT  `venues`.* FROM `venues`  WHERE `venues`.`id` = 10 LIMIT 1[0m  [["id", 10]]
  [1m[35mCACHE (0.0ms)[0m  SELECT  `venues`.* FROM `venues`  WHERE `venues`.`id` = 10 LIMIT 1  [["id", 10]]
  [1m[36mCACHE (0.0ms)[0m  [1mSELECT  `venues`.* FROM `venues`  WHERE `venues`.`id` = 2 LIMIT 1[0m  [["id", 2]]
  [1m[35mCACHE (0.0ms)[0m  SELECT  `venues`.* FROM `venues`  WHERE `venues`.`id` = 2 LIMIT 1  [["id", 2]]
  [1m[36mCACHE (0.0ms)[0m  [1mSELECT  `venues`.* FROM `venues`  WHERE `venues`.`id` = 2 LIMIT 1[0m  [["id", 2]]
  [1m[35mCACHE (0.0ms)[0m  SELECT  `venues`.* FROM `venues`  WHERE `venues`.`id` = 10 LIMIT 1  [["id", 10]]
  [1m[36mCACHE (0.0ms)[0m  [1mSELECT  `venues`.* FROM `venues`  WHERE `venues`.`id` = 10 LIMIT 1[0m  [["id", 10]]
  [1m[35mCACHE (0.0ms)[0m  SELECT  `venues`.* FROM `venues`  WHERE `venues`.`id` = 10 LIMIT 1  [["id", 10]]
  [1m[36mCACHE (0.0ms)[0m  [1mSELECT  `venues`.* FROM `venues`  WHERE `venues`.`id` = 10 LIMIT 1[0m  [["id", 10]]
  [1m[35mCACHE (0.0ms)[0m  SELECT  `venues`.* FROM `venues`  WHERE `venues`.`id` = 10 LIMIT 1  [["id", 10]]
  [1m[36mCACHE (0.0ms)[0m  [1mSELECT  `venues`.* FROM `venues`  WHERE `venues`.`id` = 2 LIMIT 1[0m  [["id", 2]]
  [1m[35mCACHE (0.0ms)[0m  SELECT  `venues`.* FROM `venues`  WHERE `venues`.`id` = 3 LIMIT 1  [["id", 3]]
  [1m[36mCACHE (0.0ms)[0m  [1mSELECT  `venues`.* FROM `venues`  WHERE `venues`.`id` = 3 LIMIT 1[0m  [["id", 3]]
  [1m[35mCACHE (0.0ms)[0m  SELECT  `venues`.* FROM `venues`  WHERE `venues`.`id` = 3 LIMIT 1  [["id", 3]]
  [1m[36mCACHE (0.0ms)[0m  [1mSELECT  `venues`.* FROM `venues`  WHERE `venues`.`id` = 3 LIMIT 1[0m  [["id", 3]]
  [1m[35mCACHE (0.0ms)[0m  SELECT  `venues`.* FROM `venues`  WHERE `venues`.`id` = 3 LIMIT 1  [["id", 3]]
  [1m[36mCACHE (0.0ms)[0m  [1mSELECT  `venues`.* FROM `venues`  WHERE `venues`.`id` = 3 LIMIT 1[0m  [["id", 3]]
  [1m[35mCACHE (0.0ms)[0m  SELECT  `venues`.* FROM `venues`  WHERE `venues`.`id` = 3 LIMIT 1  [["id", 3]]
  [1m[36mCACHE (0.0ms)[0m  [1mSELECT  `venues`.* FROM `venues`  WHERE `venues`.`id` = 3 LIMIT 1[0m  [["id", 3]]
  [1m[35mCACHE (0.0ms)[0m  SELECT  `venues`.* FROM `venues`  WHERE `venues`.`id` = 1 LIMIT 1  [["id", 1]]
  [1m[36mCACHE (0.0ms)[0m  [1mSELECT  `venues`.* FROM `venues`  WHERE `venues`.`id` = 8 LIMIT 1[0m  [["id", 8]]
  [1m[35mCACHE (0.0ms)[0m  SELECT  `venues`.* FROM `venues`  WHERE `venues`.`id` = 8 LIMIT 1  [["id", 8]]
  [1m[36mCACHE (0.0ms)[0m  [1mSELECT  `venues`.* FROM `venues`  WHERE `venues`.`id` = 1 LIMIT 1[0m  [["id", 1]]
  [1m[35mCACHE (0.0ms)[0m  SELECT  `venues`.* FROM `venues`  WHERE `venues`.`id` = 1 LIMIT 1  [["id", 1]]
  [1m[36mCACHE (0.0ms)[0m  [1mSELECT  `venues`.* FROM `venues`  WHERE `venues`.`id` = 3 LIMIT 1[0m  [["id", 3]]
  [1m[35mCACHE (0.0ms)[0m  SELECT  `venues`.* FROM `venues`  WHERE `venues`.`id` = 2 LIMIT 1  [["id", 2]]
  [1m[36mCACHE (0.0ms)[0m  [1mSELECT  `venues`.* FROM `venues`  WHERE `venues`.`id` = 2 LIMIT 1[0m  [["id", 2]]
  [1m[35mCACHE (0.0ms)[0m  SELECT  `venues`.* FROM `venues`  WHERE `venues`.`id` = 2 LIMIT 1  [["id", 2]]
  [1m[36mCACHE (0.0ms)[0m  [1mSELECT  `venues`.* FROM `venues`  WHERE `venues`.`id` = 2 LIMIT 1[0m  [["id", 2]]
  [1m[35mCACHE (0.0ms)[0m  SELECT  `venues`.* FROM `venues`  WHERE `venues`.`id` = 2 LIMIT 1  [["id", 2]]
  [1m[36mCACHE (0.0ms)[0m  [1mSELECT  `venues`.* FROM `venues`  WHERE `venues`.`id` = 2 LIMIT 1[0m  [["id", 2]]
  [1m[35mCACHE (0.0ms)[0m  SELECT  `venues`.* FROM `venues`  WHERE `venues`.`id` = 2 LIMIT 1  [["id", 2]]
  [1m[36mCACHE (0.0ms)[0m  [1mSELECT  `venues`.* FROM `venues`  WHERE `venues`.`id` = 2 LIMIT 1[0m  [["id", 2]]
  [1m[35mCACHE (0.0ms)[0m  SELECT  `venues`.* FROM `venues`  WHERE `venues`.`id` = 2 LIMIT 1  [["id", 2]]
  [1m[36mCACHE (0.0ms)[0m  [1mSELECT  `venues`.* FROM `venues`  WHERE `venues`.`id` = 2 LIMIT 1[0m  [["id", 2]]
  [1m[35mCACHE (0.0ms)[0m  SELECT  `venues`.* FROM `venues`  WHERE `venues`.`id` = 8 LIMIT 1  [["id", 8]]
  [1m[36mCACHE (0.0ms)[0m  [1mSELECT  `venues`.* FROM `venues`  WHERE `venues`.`id` = 8 LIMIT 1[0m  [["id", 8]]
  [1m[35mCACHE (0.0ms)[0m  SELECT  `venues`.* FROM `venues`  WHERE `venues`.`id` = 8 LIMIT 1  [["id", 8]]
  [1m[36mCACHE (0.0ms)[0m  [1mSELECT  `venues`.* FROM `venues`  WHERE `venues`.`id` = 8 LIMIT 1[0m  [["id", 8]]
  [1m[35mCACHE (0.0ms)[0m  SELECT  `venues`.* FROM `venues`  WHERE `venues`.`id` = 8 LIMIT 1  [["id", 8]]
  [1m[36mCACHE (0.0ms)[0m  [1mSELECT  `venues`.* FROM `venues`  WHERE `venues`.`id` = 8 LIMIT 1[0m  [["id", 8]]
  [1m[35mCACHE (0.0ms)[0m  SELECT  `venues`.* FROM `venues`  WHERE `venues`.`id` = 2 LIMIT 1  [["id", 2]]
  [1m[36mCACHE (0.0ms)[0m  [1mSELECT  `venues`.* FROM `venues`  WHERE `venues`.`id` = 2 LIMIT 1[0m  [["id", 2]]
  [1m[35mCACHE (0.7ms)[0m  SELECT  `venues`.* FROM `venues`  WHERE `venues`.`id` = 8 LIMIT 1  [["id", 8]]
  [1m[36mCACHE (0.0ms)[0m  [1mSELECT  `venues`.* FROM `venues`  WHERE `venues`.`id` = 8 LIMIT 1[0m  [["id", 8]]
  [1m[35mCACHE (0.0ms)[0m  SELECT  `venues`.* FROM `venues`  WHERE `venues`.`id` = 8 LIMIT 1  [["id", 8]]
  [1m[36mCACHE (0.0ms)[0m  [1mSELECT  `venues`.* FROM `venues`  WHERE `venues`.`id` = 8 LIMIT 1[0m  [["id", 8]]
  [1m[35mCACHE (0.0ms)[0m  SELECT  `venues`.* FROM `venues`  WHERE `venues`.`id` = 2 LIMIT 1  [["id", 2]]
  [1m[36mCACHE (0.0ms)[0m  [1mSELECT  `venues`.* FROM `venues`  WHERE `venues`.`id` = 3 LIMIT 1[0m  [["id", 3]]
  [1m[35mCACHE (0.0ms)[0m  SELECT  `venues`.* FROM `venues`  WHERE `venues`.`id` = 3 LIMIT 1  [["id", 3]]
  [1m[36mCACHE (0.0ms)[0m  [1mSELECT  `venues`.* FROM `venues`  WHERE `venues`.`id` = 2 LIMIT 1[0m  [["id", 2]]
  [1m[35mCACHE (0.0ms)[0m  SELECT  `venues`.* FROM `venues`  WHERE `venues`.`id` = 2 LIMIT 1  [["id", 2]]
  [1m[36mCACHE (0.0ms)[0m  [1mSELECT  `venues`.* FROM `venues`  WHERE `venues`.`id` = 2 LIMIT 1[0m  [["id", 2]]
  [1m[35mCACHE (0.0ms)[0m  SELECT  `venues`.* FROM `venues`  WHERE `venues`.`id` = 1 LIMIT 1  [["id", 1]]
  [1m[36mCACHE (0.0ms)[0m  [1mSELECT  `venues`.* FROM `venues`  WHERE `venues`.`id` = 1 LIMIT 1[0m  [["id", 1]]
  [1m[35mCACHE (0.0ms)[0m  SELECT  `venues`.* FROM `venues`  WHERE `venues`.`id` = 2 LIMIT 1  [["id", 2]]
  [1m[36mCACHE (0.0ms)[0m  [1mSELECT  `venues`.* FROM `venues`  WHERE `venues`.`id` = 3 LIMIT 1[0m  [["id", 3]]
  [1m[35mCACHE (0.0ms)[0m  SELECT  `venues`.* FROM `venues`  WHERE `venues`.`id` = 2 LIMIT 1  [["id", 2]]
  [1m[36mCACHE (0.0ms)[0m  [1mSELECT  `venues`.* FROM `venues`  WHERE `venues`.`id` = 10 LIMIT 1[0m  [["id", 10]]
  [1m[35mCACHE (0.0ms)[0m  SELECT  `venues`.* FROM `venues`  WHERE `venues`.`id` = 2 LIMIT 1  [["id", 2]]
  [1m[36mCACHE (0.0ms)[0m  [1mSELECT  `venues`.* FROM `venues`  WHERE `venues`.`id` = 1 LIMIT 1[0m  [["id", 1]]
  [1m[35mCACHE (0.0ms)[0m  SELECT  `venues`.* FROM `venues`  WHERE `venues`.`id` = 3 LIMIT 1  [["id", 3]]
  [1m[36mCACHE (0.0ms)[0m  [1mSELECT  `venues`.* FROM `venues`  WHERE `venues`.`id` = 3 LIMIT 1[0m  [["id", 3]]
  [1m[35mCACHE (0.0ms)[0m  SELECT  `venues`.* FROM `venues`  WHERE `venues`.`id` = 10 LIMIT 1  [["id", 10]]
  [1m[36mCACHE (0.0ms)[0m  [1mSELECT  `venues`.* FROM `venues`  WHERE `venues`.`id` = 10 LIMIT 1[0m  [["id", 10]]
  [1m[35mCACHE (0.0ms)[0m  SELECT  `venues`.* FROM `venues`  WHERE `venues`.`id` = 8 LIMIT 1  [["id", 8]]
  [1m[36mCACHE (0.0ms)[0m  [1mSELECT  `venues`.* FROM `venues`  WHERE `venues`.`id` = 8 LIMIT 1[0m  [["id", 8]]
  [1m[35mCACHE (0.0ms)[0m  SELECT  `venues`.* FROM `venues`  WHERE `venues`.`id` = 8 LIMIT 1  [["id", 8]]
  [1m[36mCACHE (0.0ms)[0m  [1mSELECT  `venues`.* FROM `venues`  WHERE `venues`.`id` = 8 LIMIT 1[0m  [["id", 8]]
  [1m[35mCACHE (0.0ms)[0m  SELECT  `venues`.* FROM `venues`  WHERE `venues`.`id` = 8 LIMIT 1  [["id", 8]]
  [1m[36mCACHE (0.0ms)[0m  [1mSELECT  `venues`.* FROM `venues`  WHERE `venues`.`id` = 8 LIMIT 1[0m  [["id", 8]]
  [1m[35mCACHE (0.0ms)[0m  SELECT  `venues`.* FROM `venues`  WHERE `venues`.`id` = 8 LIMIT 1  [["id", 8]]
  [1m[36mCACHE (0.0ms)[0m  [1mSELECT  `venues`.* FROM `venues`  WHERE `venues`.`id` = 8 LIMIT 1[0m  [["id", 8]]
  [1m[35mCACHE (0.0ms)[0m  SELECT  `venues`.* FROM `venues`  WHERE `venues`.`id` = 8 LIMIT 1  [["id", 8]]
  [1m[36mCACHE (0.0ms)[0m  [1mSELECT  `venues`.* FROM `venues`  WHERE `venues`.`id` = 8 LIMIT 1[0m  [["id", 8]]
  [1m[35mCACHE (0.0ms)[0m  SELECT  `venues`.* FROM `venues`  WHERE `venues`.`id` = 8 LIMIT 1  [["id", 8]]
  [1m[36mCACHE (0.0ms)[0m  [1mSELECT  `venues`.* FROM `venues`  WHERE `venues`.`id` = 8 LIMIT 1[0m  [["id", 8]]
  [1m[35mCACHE (0.0ms)[0m  SELECT  `venues`.* FROM `venues`  WHERE `venues`.`id` = 8 LIMIT 1  [["id", 8]]
  [1m[36mCACHE (0.0ms)[0m  [1mSELECT  `venues`.* FROM `venues`  WHERE `venues`.`id` = 8 LIMIT 1[0m  [["id", 8]]
  [1m[35mCACHE (0.0ms)[0m  SELECT  `venues`.* FROM `venues`  WHERE `venues`.`id` = 8 LIMIT 1  [["id", 8]]
  [1m[36mCACHE (0.0ms)[0m  [1mSELECT  `venues`.* FROM `venues`  WHERE `venues`.`id` = 8 LIMIT 1[0m  [["id", 8]]
  [1m[35mCACHE (0.0ms)[0m  SELECT  `venues`.* FROM `venues`  WHERE `venues`.`id` = 8 LIMIT 1  [["id", 8]]
  [1m[36mCACHE (0.0ms)[0m  [1mSELECT  `venues`.* FROM `venues`  WHERE `venues`.`id` = 1 LIMIT 1[0m  [["id", 1]]
  [1m[35mCACHE (0.0ms)[0m  SELECT  `venues`.* FROM `venues`  WHERE `venues`.`id` = 1 LIMIT 1  [["id", 1]]
  [1m[36mCACHE (0.0ms)[0m  [1mSELECT  `venues`.* FROM `venues`  WHERE `venues`.`id` = 1 LIMIT 1[0m  [["id", 1]]
  [1m[35mCACHE (0.0ms)[0m  SELECT  `venues`.* FROM `venues`  WHERE `venues`.`id` = 1 LIMIT 1  [["id", 1]]
  [1m[36mCACHE (0.0ms)[0m  [1mSELECT  `venues`.* FROM `venues`  WHERE `venues`.`id` = 1 LIMIT 1[0m  [["id", 1]]
  [1m[35mCACHE (0.0ms)[0m  SELECT  `venues`.* FROM `venues`  WHERE `venues`.`id` = 1 LIMIT 1  [["id", 1]]
  [1m[36mCACHE (0.0ms)[0m  [1mSELECT  `venues`.* FROM `venues`  WHERE `venues`.`id` = 3 LIMIT 1[0m  [["id", 3]]
  [1m[35mCACHE (0.0ms)[0m  SELECT  `venues`.* FROM `venues`  WHERE `venues`.`id` = 3 LIMIT 1  [["id", 3]]
  [1m[36mCACHE (0.0ms)[0m  [1mSELECT  `venues`.* FROM `venues`  WHERE `venues`.`id` = 1 LIMIT 1[0m  [["id", 1]]
  [1m[35mCACHE (0.0ms)[0m  SELECT  `venues`.* FROM `venues`  WHERE `venues`.`id` = 1 LIMIT 1  [["id", 1]]
  [1m[36mCACHE (0.0ms)[0m  [1mSELECT  `venues`.* FROM `venues`  WHERE `venues`.`id` = 1 LIMIT 1[0m  [["id", 1]]
  [1m[35mCACHE (0.0ms)[0m  SELECT  `venues`.* FROM `venues`  WHERE `venues`.`id` = 2 LIMIT 1  [["id", 2]]
  [1m[36mCACHE (0.0ms)[0m  [1mSELECT  `venues`.* FROM `venues`  WHERE `venues`.`id` = 9 LIMIT 1[0m  [["id", 9]]
  [1m[35mCACHE (0.0ms)[0m  SELECT  `venues`.* FROM `venues`  WHERE `venues`.`id` = 8 LIMIT 1  [["id", 8]]
  [1m[36mCACHE (0.0ms)[0m  [1mSELECT  `venues`.* FROM `venues`  WHERE `venues`.`id` = 8 LIMIT 1[0m  [["id", 8]]
  [1m[35mCACHE (0.0ms)[0m  SELECT  `venues`.* FROM `venues`  WHERE `venues`.`id` = 8 LIMIT 1  [["id", 8]]
  [1m[36mCACHE (0.0ms)[0m  [1mSELECT  `venues`.* FROM `venues`  WHERE `venues`.`id` = 8 LIMIT 1[0m  [["id", 8]]
  [1m[35mCACHE (0.0ms)[0m  SELECT  `venues`.* FROM `venues`  WHERE `venues`.`id` = 3 LIMIT 1  [["id", 3]]
  [1m[36mCACHE (0.0ms)[0m  [1mSELECT  `venues`.* FROM `venues`  WHERE `venues`.`id` = 3 LIMIT 1[0m  [["id", 3]]
  [1m[35mCACHE (0.0ms)[0m  SELECT  `venues`.* FROM `venues`  WHERE `venues`.`id` = 1 LIMIT 1  [["id", 1]]
  [1m[36mCACHE (0.0ms)[0m  [1mSELECT  `venues`.* FROM `venues`  WHERE `venues`.`id` = 3 LIMIT 1[0m  [["id", 3]]
  [1m[35mCACHE (0.0ms)[0m  SELECT  `venues`.* FROM `venues`  WHERE `venues`.`id` = 3 LIMIT 1  [["id", 3]]
  [1m[36mVenue Load (0.6ms)[0m  [1mSELECT  `venues`.* FROM `venues`  WHERE `venues`.`id` = 12 LIMIT 1[0m
  [1m[35mCACHE (0.0ms)[0m  SELECT  `venues`.* FROM `venues`  WHERE `venues`.`id` = 3 LIMIT 1  [["id", 3]]
  [1m[36mCACHE (0.0ms)[0m  [1mSELECT  `venues`.* FROM `venues`  WHERE `venues`.`id` = 3 LIMIT 1[0m  [["id", 3]]
  [1m[35mCACHE (0.0ms)[0m  SELECT  `venues`.* FROM `venues`  WHERE `venues`.`id` = 3 LIMIT 1  [["id", 3]]
  [1m[36mCACHE (0.0ms)[0m  [1mSELECT  `venues`.* FROM `venues`  WHERE `venues`.`id` = 3 LIMIT 1[0m  [["id", 3]]
  [1m[35mVenue Load (0.4ms)[0m  SELECT  `venues`.* FROM `venues`  WHERE `venues`.`id` = 15 LIMIT 1
  [1m[36mCACHE (0.0ms)[0m  [1mSELECT  `venues`.* FROM `venues`  WHERE `venues`.`id` = 15 LIMIT 1[0m  [["id", 15]]
  [1m[35mVenue Load (0.4ms)[0m  SELECT  `venues`.* FROM `venues`  WHERE `venues`.`id` = 33 LIMIT 1
  [1m[36mCACHE (0.0ms)[0m  [1mSELECT  `venues`.* FROM `venues`  WHERE `venues`.`id` = 33 LIMIT 1[0m  [["id", 33]]
  [1m[35mCACHE (0.0ms)[0m  SELECT  `venues`.* FROM `venues`  WHERE `venues`.`id` = 3 LIMIT 1  [["id", 3]]
  [1m[36mCACHE (0.0ms)[0m  [1mSELECT  `venues`.* FROM `venues`  WHERE `venues`.`id` = 3 LIMIT 1[0m  [["id", 3]]
  [1m[35mVenue Load (0.5ms)[0m  SELECT  `venues`.* FROM `venues`  WHERE `venues`.`id` = 11 LIMIT 1
  [1m[36mCACHE (0.0ms)[0m  [1mSELECT  `venues`.* FROM `venues`  WHERE `venues`.`id` = 11 LIMIT 1[0m  [["id", 11]]
  [1m[35mCACHE (0.0ms)[0m  SELECT  `venues`.* FROM `venues`  WHERE `venues`.`id` = 11 LIMIT 1  [["id", 11]]
  [1m[36mCACHE (0.0ms)[0m  [1mSELECT  `venues`.* FROM `venues`  WHERE `venues`.`id` = 11 LIMIT 1[0m  [["id", 11]]
  [1m[35mVenue Load (0.4ms)[0m  SELECT  `venues`.* FROM `venues`  WHERE `venues`.`id` = 13 LIMIT 1
  [1m[36mCACHE (0.0ms)[0m  [1mSELECT  `venues`.* FROM `venues`  WHERE `venues`.`id` = 13 LIMIT 1[0m  [["id", 13]]
  [1m[35mCACHE (0.0ms)[0m  SELECT  `venues`.* FROM `venues`  WHERE `venues`.`id` = 33 LIMIT 1  [["id", 33]]
  [1m[36mCACHE (0.0ms)[0m  [1mSELECT  `venues`.* FROM `venues`  WHERE `venues`.`id` = 15 LIMIT 1[0m  [["id", 15]]
  [1m[35mCACHE (0.0ms)[0m  SELECT  `venues`.* FROM `venues`  WHERE `venues`.`id` = 15 LIMIT 1  [["id", 15]]
  [1m[36mVenue Load (0.4ms)[0m  [1mSELECT  `venues`.* FROM `venues`  WHERE `venues`.`id` = 34 LIMIT 1[0m
  [1m[35mCACHE (0.0ms)[0m  SELECT  `venues`.* FROM `venues`  WHERE `venues`.`id` = 34 LIMIT 1  [["id", 34]]
  [1m[36mCACHE (0.0ms)[0m  [1mSELECT  `venues`.* FROM `venues`  WHERE `venues`.`id` = 34 LIMIT 1[0m  [["id", 34]]
  [1m[35mCACHE (0.0ms)[0m  SELECT  `venues`.* FROM `venues`  WHERE `venues`.`id` = 34 LIMIT 1  [["id", 34]]
  [1m[36mCACHE (0.0ms)[0m  [1mSELECT  `venues`.* FROM `venues`  WHERE `venues`.`id` = 34 LIMIT 1[0m  [["id", 34]]
  [1m[35mCACHE (0.0ms)[0m  SELECT  `venues`.* FROM `venues`  WHERE `venues`.`id` = 34 LIMIT 1  [["id", 34]]
  [1m[36mCACHE (0.0ms)[0m  [1mSELECT  `venues`.* FROM `venues`  WHERE `venues`.`id` = 34 LIMIT 1[0m  [["id", 34]]
  [1m[35mCACHE (0.0ms)[0m  SELECT  `venues`.* FROM `venues`  WHERE `venues`.`id` = 34 LIMIT 1  [["id", 34]]
  [1m[36mCACHE (0.0ms)[0m  [1mSELECT  `venues`.* FROM `venues`  WHERE `venues`.`id` = 13 LIMIT 1[0m  [["id", 13]]
  [1m[35mCACHE (0.0ms)[0m  SELECT  `venues`.* FROM `venues`  WHERE `venues`.`id` = 13 LIMIT 1  [["id", 13]]
  [1m[36mCACHE (0.0ms)[0m  [1mSELECT  `venues`.* FROM `venues`  WHERE `venues`.`id` = 13 LIMIT 1[0m  [["id", 13]]
  [1m[35mCACHE (0.0ms)[0m  SELECT  `venues`.* FROM `venues`  WHERE `venues`.`id` = 13 LIMIT 1  [["id", 13]]
  [1m[36mCACHE (0.0ms)[0m  [1mSELECT  `venues`.* FROM `venues`  WHERE `venues`.`id` = 13 LIMIT 1[0m  [["id", 13]]
  [1m[35mCACHE (0.0ms)[0m  SELECT  `venues`.* FROM `venues`  WHERE `venues`.`id` = 34 LIMIT 1  [["id", 34]]
  [1m[36mCACHE (0.0ms)[0m  [1mSELECT  `venues`.* FROM `venues`  WHERE `venues`.`id` = 34 LIMIT 1[0m  [["id", 34]]
  [1m[35mCACHE (0.0ms)[0m  SELECT  `venues`.* FROM `venues`  WHERE `venues`.`id` = 34 LIMIT 1  [["id", 34]]
  [1m[36mCACHE (0.0ms)[0m  [1mSELECT  `venues`.* FROM `venues`  WHERE `venues`.`id` = 34 LIMIT 1[0m  [["id", 34]]
  [1m[35mCACHE (0.0ms)[0m  SELECT  `venues`.* FROM `venues`  WHERE `venues`.`id` = 34 LIMIT 1  [["id", 34]]
  [1m[36mCACHE (0.0ms)[0m  [1mSELECT  `venues`.* FROM `venues`  WHERE `venues`.`id` = 34 LIMIT 1[0m  [["id", 34]]
  [1m[35mCACHE (0.0ms)[0m  SELECT  `venues`.* FROM `venues`  WHERE `venues`.`id` = 34 LIMIT 1  [["id", 34]]
  [1m[36mCACHE (0.0ms)[0m  [1mSELECT  `venues`.* FROM `venues`  WHERE `venues`.`id` = 34 LIMIT 1[0m  [["id", 34]]
  [1m[35mCACHE (0.0ms)[0m  SELECT  `venues`.* FROM `venues`  WHERE `venues`.`id` = 34 LIMIT 1  [["id", 34]]
  [1m[36mCACHE (0.0ms)[0m  [1mSELECT  `venues`.* FROM `venues`  WHERE `venues`.`id` = 34 LIMIT 1[0m  [["id", 34]]
  [1m[35mCACHE (0.0ms)[0m  SELECT  `venues`.* FROM `venues`  WHERE `venues`.`id` = 34 LIMIT 1  [["id", 34]]
  [1m[36mCACHE (0.0ms)[0m  [1mSELECT  `venues`.* FROM `venues`  WHERE `venues`.`id` = 34 LIMIT 1[0m  [["id", 34]]
  [1m[35mVenue Load (0.5ms)[0m  SELECT  `venues`.* FROM `venues`  WHERE `venues`.`id` = 35 LIMIT 1
  [1m[36mCACHE (0.0ms)[0m  [1mSELECT  `venues`.* FROM `venues`  WHERE `venues`.`id` = 35 LIMIT 1[0m  [["id", 35]]
  [1m[35mCACHE (0.0ms)[0m  SELECT  `venues`.* FROM `venues`  WHERE `venues`.`id` = 35 LIMIT 1  [["id", 35]]
  [1m[36mCACHE (0.0ms)[0m  [1mSELECT  `venues`.* FROM `venues`  WHERE `venues`.`id` = 35 LIMIT 1[0m  [["id", 35]]
  [1m[35mCACHE (0.0ms)[0m  SELECT  `venues`.* FROM `venues`  WHERE `venues`.`id` = 35 LIMIT 1  [["id", 35]]
  [1m[36mCACHE (0.0ms)[0m  [1mSELECT  `venues`.* FROM `venues`  WHERE `venues`.`id` = 35 LIMIT 1[0m  [["id", 35]]
Completed 200 OK in 508ms (Views: 422.2ms | ActiveRecord: 22.2ms)


Started GET "/v1/venues" for 127.0.0.1 at 2015-07-08 22:11:39 +0200
Processing by V1::VenuesController#index as JSON
  [1m[35mUser Load (0.6ms)[0m  SELECT  `users`.* FROM `users`  WHERE `users`.`auth_token` = '4da2d54db390a919a95eadd9513bbc40' LIMIT 1
  [1m[36mVenue Load (0.6ms)[0m  [1mSELECT `venues`.* FROM `venues`  WHERE `venues`.`archived` = 0[0m
Completed 200 OK in 139ms (Views: 132.0ms | ActiveRecord: 1.2ms)


Started GET "/v1/users" for 127.0.0.1 at 2015-07-08 22:11:43 +0200
Processing by V1::UsersController#index as JSON
  [1m[35mUser Load (0.6ms)[0m  SELECT  `users`.* FROM `users`  WHERE `users`.`auth_token` = '4da2d54db390a919a95eadd9513bbc40' LIMIT 1
  [1m[36mUser Load (1.0ms)[0m  [1mSELECT `users`.* FROM `users`  WHERE `users`.`archived` = 0[0m
Completed 200 OK in 250ms (Views: 244.7ms | ActiveRecord: 1.6ms)


Started GET "/v1/order_items" for 127.0.0.1 at 2015-07-08 22:11:44 +0200
Processing by V1::OrderItemsController#index as JSON
  [1m[35mUser Load (0.5ms)[0m  SELECT  `users`.* FROM `users`  WHERE `users`.`auth_token` = '4da2d54db390a919a95eadd9513bbc40' LIMIT 1
  [1m[36mOrderItem Load (0.8ms)[0m  [1mSELECT `order_items`.* FROM `order_items`[0m
  [1m[35mOrder Load (1.2ms)[0m  SELECT `orders`.* FROM `orders`  WHERE `orders`.`id` IN (51, 52, 53, 54, 55, 57, 58, 59, 60, 61, 62, 63, 64, 65, 66, 67, 68, 69, 70, 71, 72, 73, 74, 75, 76, 77, 78, 79, 80, 81, 82, 83, 84, 85, 86, 87, 88, 89, 90, 91, 92, 93, 94, 95, 96, 97, 98, 99, 100, 101, 102, 103, 104, 105, 106, 107, 108, 109, 111, 112, 113, 114, 115, 116, 117, 118, 119, 120, 121, 122, 123, 124, 125, 126, 127, 128, 129, 130, 131, 132, 134, 135, 136, 137, 138, 139, 140, 141, 142, 143, 144, 145, 146, 147, 148, 149, 150, 151, 152, 153, 154, 155, 156, 157, 158, 159, 160, 161, 162, 163, 164, 165, 166, 167, 168, 169, 170, 171, 172, 173, 174, 175, 176, 177, 178, 179, 180, 181, 182, 183, 184, 185, 186, 187, 188, 189, 190, 191, 192, 193, 194, 195, 196, 197, 198, 199, 200, 201, 202, 203, 204, 205, 206, 207, 208, 209, 210, 211, 212, 213, 214, 215, 216, 217, 218, 219, 220, 221, 222, 223, 224, 225, 226, 227, 228, 229, 230, 231, 232, 233, 234, 235, 236, 237, 238, 239, 240, 241, 242, 243, 244, 245, 246, 247, 248, 249, 250, 251, 252, 253, 255, 256, 257, 258, 260, 261, 262, 263, 264, 265, 266, 267, 268, 269, 270, 271, 272, 273, 274, 275, 276, 277, 278, 279, 280, 281, 282, 283, 284, 285)
  [1m[36mVenue Load (0.5ms)[0m  [1mSELECT `venues`.* FROM `venues`  WHERE `venues`.`id` IN (1, 3, 8, 9, 2, 10, 0, 12, 15, 33, 11, 13, 34, 35)[0m
  [1m[35mVenue Load (0.4ms)[0m  SELECT  `venues`.* FROM `venues`  WHERE `venues`.`id` = 1 LIMIT 1
  [1m[36mCACHE (0.0ms)[0m  [1mSELECT  `venues`.* FROM `venues`  WHERE `venues`.`id` = 1 LIMIT 1[0m  [["id", 1]]
  [1m[35mCACHE (0.0ms)[0m  SELECT  `venues`.* FROM `venues`  WHERE `venues`.`id` = 1 LIMIT 1  [["id", 1]]
  [1m[36mCACHE (0.0ms)[0m  [1mSELECT  `venues`.* FROM `venues`  WHERE `venues`.`id` = 1 LIMIT 1[0m  [["id", 1]]
  [1m[35mCACHE (0.0ms)[0m  SELECT  `venues`.* FROM `venues`  WHERE `venues`.`id` = 1 LIMIT 1  [["id", 1]]
  [1m[36mCACHE (0.0ms)[0m  [1mSELECT  `venues`.* FROM `venues`  WHERE `venues`.`id` = 1 LIMIT 1[0m  [["id", 1]]
  [1m[35mVenue Load (0.5ms)[0m  SELECT  `venues`.* FROM `venues`  WHERE `venues`.`id` = 3 LIMIT 1
  [1m[36mCACHE (0.0ms)[0m  [1mSELECT  `venues`.* FROM `venues`  WHERE `venues`.`id` = 3 LIMIT 1[0m  [["id", 3]]
  [1m[35mCACHE (0.1ms)[0m  SELECT  `venues`.* FROM `venues`  WHERE `venues`.`id` = 1 LIMIT 1  [["id", 1]]
  [1m[36mCACHE (0.0ms)[0m  [1mSELECT  `venues`.* FROM `venues`  WHERE `venues`.`id` = 1 LIMIT 1[0m  [["id", 1]]
  [1m[35mCACHE (0.0ms)[0m  SELECT  `venues`.* FROM `venues`  WHERE `venues`.`id` = 1 LIMIT 1  [["id", 1]]
  [1m[36mCACHE (0.0ms)[0m  [1mSELECT  `venues`.* FROM `venues`  WHERE `venues`.`id` = 3 LIMIT 1[0m  [["id", 3]]
  [1m[35mCACHE (0.0ms)[0m  SELECT  `venues`.* FROM `venues`  WHERE `venues`.`id` = 3 LIMIT 1  [["id", 3]]
  [1m[36mCACHE (0.0ms)[0m  [1mSELECT  `venues`.* FROM `venues`  WHERE `venues`.`id` = 1 LIMIT 1[0m  [["id", 1]]
  [1m[35mCACHE (0.0ms)[0m  SELECT  `venues`.* FROM `venues`  WHERE `venues`.`id` = 1 LIMIT 1  [["id", 1]]
  [1m[36mCACHE (0.0ms)[0m  [1mSELECT  `venues`.* FROM `venues`  WHERE `venues`.`id` = 1 LIMIT 1[0m  [["id", 1]]
  [1m[35mCACHE (0.0ms)[0m  SELECT  `venues`.* FROM `venues`  WHERE `venues`.`id` = 1 LIMIT 1  [["id", 1]]
  [1m[36mCACHE (0.0ms)[0m  [1mSELECT  `venues`.* FROM `venues`  WHERE `venues`.`id` = 1 LIMIT 1[0m  [["id", 1]]
  [1m[35mCACHE (0.0ms)[0m  SELECT  `venues`.* FROM `venues`  WHERE `venues`.`id` = 1 LIMIT 1  [["id", 1]]
  [1m[36mCACHE (0.0ms)[0m  [1mSELECT  `venues`.* FROM `venues`  WHERE `venues`.`id` = 1 LIMIT 1[0m  [["id", 1]]
  [1m[35mCACHE (0.0ms)[0m  SELECT  `venues`.* FROM `venues`  WHERE `venues`.`id` = 1 LIMIT 1  [["id", 1]]
  [1m[36mCACHE (0.0ms)[0m  [1mSELECT  `venues`.* FROM `venues`  WHERE `venues`.`id` = 1 LIMIT 1[0m  [["id", 1]]
  [1m[35mCACHE (0.0ms)[0m  SELECT  `venues`.* FROM `venues`  WHERE `venues`.`id` = 1 LIMIT 1  [["id", 1]]
  [1m[36mCACHE (0.0ms)[0m  [1mSELECT  `venues`.* FROM `venues`  WHERE `venues`.`id` = 1 LIMIT 1[0m  [["id", 1]]
  [1m[35mCACHE (0.0ms)[0m  SELECT  `venues`.* FROM `venues`  WHERE `venues`.`id` = 1 LIMIT 1  [["id", 1]]
  [1m[36mCACHE (0.0ms)[0m  [1mSELECT  `venues`.* FROM `venues`  WHERE `venues`.`id` = 1 LIMIT 1[0m  [["id", 1]]
  [1m[35mCACHE (0.0ms)[0m  SELECT  `venues`.* FROM `venues`  WHERE `venues`.`id` = 1 LIMIT 1  [["id", 1]]
  [1m[36mCACHE (0.0ms)[0m  [1mSELECT  `venues`.* FROM `venues`  WHERE `venues`.`id` = 1 LIMIT 1[0m  [["id", 1]]
  [1m[35mCACHE (0.0ms)[0m  SELECT  `venues`.* FROM `venues`  WHERE `venues`.`id` = 1 LIMIT 1  [["id", 1]]
  [1m[36mCACHE (0.0ms)[0m  [1mSELECT  `venues`.* FROM `venues`  WHERE `venues`.`id` = 1 LIMIT 1[0m  [["id", 1]]
  [1m[35mCACHE (0.0ms)[0m  SELECT  `venues`.* FROM `venues`  WHERE `venues`.`id` = 3 LIMIT 1  [["id", 3]]
  [1m[36mCACHE (0.0ms)[0m  [1mSELECT  `venues`.* FROM `venues`  WHERE `venues`.`id` = 3 LIMIT 1[0m  [["id", 3]]
  [1m[35mCACHE (0.0ms)[0m  SELECT  `venues`.* FROM `venues`  WHERE `venues`.`id` = 3 LIMIT 1  [["id", 3]]
  [1m[36mCACHE (0.0ms)[0m  [1mSELECT  `venues`.* FROM `venues`  WHERE `venues`.`id` = 3 LIMIT 1[0m  [["id", 3]]
  [1m[35mCACHE (0.0ms)[0m  SELECT  `venues`.* FROM `venues`  WHERE `venues`.`id` = 1 LIMIT 1  [["id", 1]]
  [1m[36mCACHE (0.0ms)[0m  [1mSELECT  `venues`.* FROM `venues`  WHERE `venues`.`id` = 1 LIMIT 1[0m  [["id", 1]]
  [1m[35mCACHE (0.0ms)[0m  SELECT  `venues`.* FROM `venues`  WHERE `venues`.`id` = 1 LIMIT 1  [["id", 1]]
  [1m[36mCACHE (0.0ms)[0m  [1mSELECT  `venues`.* FROM `venues`  WHERE `venues`.`id` = 3 LIMIT 1[0m  [["id", 3]]
  [1m[35mCACHE (0.0ms)[0m  SELECT  `venues`.* FROM `venues`  WHERE `venues`.`id` = 3 LIMIT 1  [["id", 3]]
  [1m[36mCACHE (0.0ms)[0m  [1mSELECT  `venues`.* FROM `venues`  WHERE `venues`.`id` = 1 LIMIT 1[0m  [["id", 1]]
  [1m[35mCACHE (0.0ms)[0m  SELECT  `venues`.* FROM `venues`  WHERE `venues`.`id` = 3 LIMIT 1  [["id", 3]]
  [1m[36mCACHE (0.0ms)[0m  [1mSELECT  `venues`.* FROM `venues`  WHERE `venues`.`id` = 3 LIMIT 1[0m  [["id", 3]]
  [1m[35mCACHE (0.0ms)[0m  SELECT  `venues`.* FROM `venues`  WHERE `venues`.`id` = 3 LIMIT 1  [["id", 3]]
  [1m[36mCACHE (0.0ms)[0m  [1mSELECT  `venues`.* FROM `venues`  WHERE `venues`.`id` = 1 LIMIT 1[0m  [["id", 1]]
  [1m[35mCACHE (0.0ms)[0m  SELECT  `venues`.* FROM `venues`  WHERE `venues`.`id` = 1 LIMIT 1  [["id", 1]]
  [1m[36mCACHE (0.0ms)[0m  [1mSELECT  `venues`.* FROM `venues`  WHERE `venues`.`id` = 3 LIMIT 1[0m  [["id", 3]]
  [1m[35mCACHE (0.0ms)[0m  SELECT  `venues`.* FROM `venues`  WHERE `venues`.`id` = 3 LIMIT 1  [["id", 3]]
  [1m[36mCACHE (0.0ms)[0m  [1mSELECT  `venues`.* FROM `venues`  WHERE `venues`.`id` = 3 LIMIT 1[0m  [["id", 3]]
  [1m[35mCACHE (0.0ms)[0m  SELECT  `venues`.* FROM `venues`  WHERE `venues`.`id` = 3 LIMIT 1  [["id", 3]]
  [1m[36mCACHE (0.0ms)[0m  [1mSELECT  `venues`.* FROM `venues`  WHERE `venues`.`id` = 3 LIMIT 1[0m  [["id", 3]]
  [1m[35mCACHE (0.0ms)[0m  SELECT  `venues`.* FROM `venues`  WHERE `venues`.`id` = 3 LIMIT 1  [["id", 3]]
  [1m[36mCACHE (0.0ms)[0m  [1mSELECT  `venues`.* FROM `venues`  WHERE `venues`.`id` = 3 LIMIT 1[0m  [["id", 3]]
  [1m[35mCACHE (0.0ms)[0m  SELECT  `venues`.* FROM `venues`  WHERE `venues`.`id` = 3 LIMIT 1  [["id", 3]]
  [1m[36mCACHE (0.0ms)[0m  [1mSELECT  `venues`.* FROM `venues`  WHERE `venues`.`id` = 3 LIMIT 1[0m  [["id", 3]]
  [1m[35mCACHE (0.0ms)[0m  SELECT  `venues`.* FROM `venues`  WHERE `venues`.`id` = 3 LIMIT 1  [["id", 3]]
  [1m[36mCACHE (0.0ms)[0m  [1mSELECT  `venues`.* FROM `venues`  WHERE `venues`.`id` = 3 LIMIT 1[0m  [["id", 3]]
  [1m[35mCACHE (0.0ms)[0m  SELECT  `venues`.* FROM `venues`  WHERE `venues`.`id` = 3 LIMIT 1  [["id", 3]]
  [1m[36mCACHE (0.0ms)[0m  [1mSELECT  `venues`.* FROM `venues`  WHERE `venues`.`id` = 3 LIMIT 1[0m  [["id", 3]]
  [1m[35mCACHE (0.0ms)[0m  SELECT  `venues`.* FROM `venues`  WHERE `venues`.`id` = 3 LIMIT 1  [["id", 3]]
  [1m[36mCACHE (0.0ms)[0m  [1mSELECT  `venues`.* FROM `venues`  WHERE `venues`.`id` = 3 LIMIT 1[0m  [["id", 3]]
  [1m[35mCACHE (0.0ms)[0m  SELECT  `venues`.* FROM `venues`  WHERE `venues`.`id` = 3 LIMIT 1  [["id", 3]]
  [1m[36mCACHE (0.0ms)[0m  [1mSELECT  `venues`.* FROM `venues`  WHERE `venues`.`id` = 3 LIMIT 1[0m  [["id", 3]]
  [1m[35mCACHE (0.0ms)[0m  SELECT  `venues`.* FROM `venues`  WHERE `venues`.`id` = 3 LIMIT 1  [["id", 3]]
  [1m[36mCACHE (0.0ms)[0m  [1mSELECT  `venues`.* FROM `venues`  WHERE `venues`.`id` = 3 LIMIT 1[0m  [["id", 3]]
  [1m[35mCACHE (0.0ms)[0m  SELECT  `venues`.* FROM `venues`  WHERE `venues`.`id` = 3 LIMIT 1  [["id", 3]]
  [1m[36mCACHE (0.0ms)[0m  [1mSELECT  `venues`.* FROM `venues`  WHERE `venues`.`id` = 1 LIMIT 1[0m  [["id", 1]]
  [1m[35mCACHE (0.0ms)[0m  SELECT  `venues`.* FROM `venues`  WHERE `venues`.`id` = 1 LIMIT 1  [["id", 1]]
  [1m[36mCACHE (0.0ms)[0m  [1mSELECT  `venues`.* FROM `venues`  WHERE `venues`.`id` = 3 LIMIT 1[0m  [["id", 3]]
  [1m[35mCACHE (0.0ms)[0m  SELECT  `venues`.* FROM `venues`  WHERE `venues`.`id` = 3 LIMIT 1  [["id", 3]]
  [1m[36mCACHE (0.0ms)[0m  [1mSELECT  `venues`.* FROM `venues`  WHERE `venues`.`id` = 1 LIMIT 1[0m  [["id", 1]]
  [1m[35mCACHE (0.0ms)[0m  SELECT  `venues`.* FROM `venues`  WHERE `venues`.`id` = 1 LIMIT 1  [["id", 1]]
  [1m[36mCACHE (0.0ms)[0m  [1mSELECT  `venues`.* FROM `venues`  WHERE `venues`.`id` = 1 LIMIT 1[0m  [["id", 1]]
  [1m[35mCACHE (0.0ms)[0m  SELECT  `venues`.* FROM `venues`  WHERE `venues`.`id` = 1 LIMIT 1  [["id", 1]]
  [1m[36mCACHE (0.0ms)[0m  [1mSELECT  `venues`.* FROM `venues`  WHERE `venues`.`id` = 3 LIMIT 1[0m  [["id", 3]]
  [1m[35mCACHE (0.0ms)[0m  SELECT  `venues`.* FROM `venues`  WHERE `venues`.`id` = 3 LIMIT 1  [["id", 3]]
  [1m[36mCACHE (0.0ms)[0m  [1mSELECT  `venues`.* FROM `venues`  WHERE `venues`.`id` = 3 LIMIT 1[0m  [["id", 3]]
  [1m[35mCACHE (0.0ms)[0m  SELECT  `venues`.* FROM `venues`  WHERE `venues`.`id` = 3 LIMIT 1  [["id", 3]]
  [1m[36mCACHE (0.0ms)[0m  [1mSELECT  `venues`.* FROM `venues`  WHERE `venues`.`id` = 3 LIMIT 1[0m  [["id", 3]]
  [1m[35mCACHE (0.0ms)[0m  SELECT  `venues`.* FROM `venues`  WHERE `venues`.`id` = 3 LIMIT 1  [["id", 3]]
  [1m[36mCACHE (0.0ms)[0m  [1mSELECT  `venues`.* FROM `venues`  WHERE `venues`.`id` = 3 LIMIT 1[0m  [["id", 3]]
  [1m[35mCACHE (0.0ms)[0m  SELECT  `venues`.* FROM `venues`  WHERE `venues`.`id` = 3 LIMIT 1  [["id", 3]]
  [1m[36mCACHE (0.0ms)[0m  [1mSELECT  `venues`.* FROM `venues`  WHERE `venues`.`id` = 3 LIMIT 1[0m  [["id", 3]]
  [1m[35mCACHE (0.0ms)[0m  SELECT  `venues`.* FROM `venues`  WHERE `venues`.`id` = 3 LIMIT 1  [["id", 3]]
  [1m[36mCACHE (0.0ms)[0m  [1mSELECT  `venues`.* FROM `venues`  WHERE `venues`.`id` = 3 LIMIT 1[0m  [["id", 3]]
  [1m[35mCACHE (0.0ms)[0m  SELECT  `venues`.* FROM `venues`  WHERE `venues`.`id` = 3 LIMIT 1  [["id", 3]]
  [1m[36mCACHE (0.0ms)[0m  [1mSELECT  `venues`.* FROM `venues`  WHERE `venues`.`id` = 3 LIMIT 1[0m  [["id", 3]]
  [1m[35mCACHE (0.0ms)[0m  SELECT  `venues`.* FROM `venues`  WHERE `venues`.`id` = 1 LIMIT 1  [["id", 1]]
  [1m[36mCACHE (0.0ms)[0m  [1mSELECT  `venues`.* FROM `venues`  WHERE `venues`.`id` = 3 LIMIT 1[0m  [["id", 3]]
  [1m[35mCACHE (0.0ms)[0m  SELECT  `venues`.* FROM `venues`  WHERE `venues`.`id` = 3 LIMIT 1  [["id", 3]]
  [1m[36mCACHE (0.0ms)[0m  [1mSELECT  `venues`.* FROM `venues`  WHERE `venues`.`id` = 3 LIMIT 1[0m  [["id", 3]]
  [1m[35mCACHE (0.0ms)[0m  SELECT  `venues`.* FROM `venues`  WHERE `venues`.`id` = 3 LIMIT 1  [["id", 3]]
  [1m[36mCACHE (0.0ms)[0m  [1mSELECT  `venues`.* FROM `venues`  WHERE `venues`.`id` = 3 LIMIT 1[0m  [["id", 3]]
  [1m[35mCACHE (0.0ms)[0m  SELECT  `venues`.* FROM `venues`  WHERE `venues`.`id` = 3 LIMIT 1  [["id", 3]]
  [1m[36mCACHE (0.0ms)[0m  [1mSELECT  `venues`.* FROM `venues`  WHERE `venues`.`id` = 3 LIMIT 1[0m  [["id", 3]]
  [1m[35mCACHE (0.0ms)[0m  SELECT  `venues`.* FROM `venues`  WHERE `venues`.`id` = 3 LIMIT 1  [["id", 3]]
  [1m[36mCACHE (0.0ms)[0m  [1mSELECT  `venues`.* FROM `venues`  WHERE `venues`.`id` = 3 LIMIT 1[0m  [["id", 3]]
  [1m[35mCACHE (0.0ms)[0m  SELECT  `venues`.* FROM `venues`  WHERE `venues`.`id` = 3 LIMIT 1  [["id", 3]]
  [1m[36mCACHE (0.0ms)[0m  [1mSELECT  `venues`.* FROM `venues`  WHERE `venues`.`id` = 3 LIMIT 1[0m  [["id", 3]]
  [1m[35mVenue Load (0.4ms)[0m  SELECT  `venues`.* FROM `venues`  WHERE `venues`.`id` = 8 LIMIT 1
  [1m[36mCACHE (0.0ms)[0m  [1mSELECT  `venues`.* FROM `venues`  WHERE `venues`.`id` = 8 LIMIT 1[0m  [["id", 8]]
  [1m[35mCACHE (0.0ms)[0m  SELECT  `venues`.* FROM `venues`  WHERE `venues`.`id` = 8 LIMIT 1  [["id", 8]]
  [1m[36mCACHE (0.0ms)[0m  [1mSELECT  `venues`.* FROM `venues`  WHERE `venues`.`id` = 8 LIMIT 1[0m  [["id", 8]]
  [1m[35mVenue Load (0.4ms)[0m  SELECT  `venues`.* FROM `venues`  WHERE `venues`.`id` = 9 LIMIT 1
  [1m[36mCACHE (0.0ms)[0m  [1mSELECT  `venues`.* FROM `venues`  WHERE `venues`.`id` = 9 LIMIT 1[0m  [["id", 9]]
  [1m[35mVenue Load (0.4ms)[0m  SELECT  `venues`.* FROM `venues`  WHERE `venues`.`id` = 2 LIMIT 1
  [1m[36mCACHE (0.0ms)[0m  [1mSELECT  `venues`.* FROM `venues`  WHERE `venues`.`id` = 8 LIMIT 1[0m  [["id", 8]]
  [1m[35mCACHE (0.0ms)[0m  SELECT  `venues`.* FROM `venues`  WHERE `venues`.`id` = 8 LIMIT 1  [["id", 8]]
  [1m[36mCACHE (0.0ms)[0m  [1mSELECT  `venues`.* FROM `venues`  WHERE `venues`.`id` = 8 LIMIT 1[0m  [["id", 8]]
  [1m[35mCACHE (0.0ms)[0m  SELECT  `venues`.* FROM `venues`  WHERE `venues`.`id` = 8 LIMIT 1  [["id", 8]]
  [1m[36mCACHE (0.0ms)[0m  [1mSELECT  `venues`.* FROM `venues`  WHERE `venues`.`id` = 8 LIMIT 1[0m  [["id", 8]]
  [1m[35mCACHE (0.0ms)[0m  SELECT  `venues`.* FROM `venues`  WHERE `venues`.`id` = 8 LIMIT 1  [["id", 8]]
  [1m[36mCACHE (0.0ms)[0m  [1mSELECT  `venues`.* FROM `venues`  WHERE `venues`.`id` = 8 LIMIT 1[0m  [["id", 8]]
  [1m[35mCACHE (0.0ms)[0m  SELECT  `venues`.* FROM `venues`  WHERE `venues`.`id` = 8 LIMIT 1  [["id", 8]]
  [1m[36mVenue Load (0.4ms)[0m  [1mSELECT  `venues`.* FROM `venues`  WHERE `venues`.`id` = 10 LIMIT 1[0m
  [1m[35mCACHE (0.0ms)[0m  SELECT  `venues`.* FROM `venues`  WHERE `venues`.`id` = 9 LIMIT 1  [["id", 9]]
  [1m[36mCACHE (0.0ms)[0m  [1mSELECT  `venues`.* FROM `venues`  WHERE `venues`.`id` = 9 LIMIT 1[0m  [["id", 9]]
  [1m[35mCACHE (0.0ms)[0m  SELECT  `venues`.* FROM `venues`  WHERE `venues`.`id` = 10 LIMIT 1  [["id", 10]]
  [1m[36mCACHE (0.0ms)[0m  [1mSELECT  `venues`.* FROM `venues`  WHERE `venues`.`id` = 10 LIMIT 1[0m  [["id", 10]]
  [1m[35mCACHE (0.0ms)[0m  SELECT  `venues`.* FROM `venues`  WHERE `venues`.`id` = 10 LIMIT 1  [["id", 10]]
  [1m[36mCACHE (0.0ms)[0m  [1mSELECT  `venues`.* FROM `venues`  WHERE `venues`.`id` = 10 LIMIT 1[0m  [["id", 10]]
  [1m[35mCACHE (0.0ms)[0m  SELECT  `venues`.* FROM `venues`  WHERE `venues`.`id` = 8 LIMIT 1  [["id", 8]]
  [1m[36mCACHE (0.0ms)[0m  [1mSELECT  `venues`.* FROM `venues`  WHERE `venues`.`id` = 8 LIMIT 1[0m  [["id", 8]]
  [1m[35mCACHE (0.0ms)[0m  SELECT  `venues`.* FROM `venues`  WHERE `venues`.`id` = 8 LIMIT 1  [["id", 8]]
  [1m[36mCACHE (0.0ms)[0m  [1mSELECT  `venues`.* FROM `venues`  WHERE `venues`.`id` = 8 LIMIT 1[0m  [["id", 8]]
  [1m[35mCACHE (0.0ms)[0m  SELECT  `venues`.* FROM `venues`  WHERE `venues`.`id` = 9 LIMIT 1  [["id", 9]]
  [1m[36mCACHE (0.0ms)[0m  [1mSELECT  `venues`.* FROM `venues`  WHERE `venues`.`id` = 9 LIMIT 1[0m  [["id", 9]]
  [1m[35mCACHE (0.0ms)[0m  SELECT  `venues`.* FROM `venues`  WHERE `venues`.`id` = 9 LIMIT 1  [["id", 9]]
  [1m[36mCACHE (0.0ms)[0m  [1mSELECT  `venues`.* FROM `venues`  WHERE `venues`.`id` = 10 LIMIT 1[0m  [["id", 10]]
  [1m[35mCACHE (0.0ms)[0m  SELECT  `venues`.* FROM `venues`  WHERE `venues`.`id` = 10 LIMIT 1  [["id", 10]]
  [1m[36mCACHE (0.0ms)[0m  [1mSELECT  `venues`.* FROM `venues`  WHERE `venues`.`id` = 2 LIMIT 1[0m  [["id", 2]]
  [1m[35mCACHE (0.0ms)[0m  SELECT  `venues`.* FROM `venues`  WHERE `venues`.`id` = 2 LIMIT 1  [["id", 2]]
  [1m[36mCACHE (0.0ms)[0m  [1mSELECT  `venues`.* FROM `venues`  WHERE `venues`.`id` = 2 LIMIT 1[0m  [["id", 2]]
  [1m[35mCACHE (0.0ms)[0m  SELECT  `venues`.* FROM `venues`  WHERE `venues`.`id` = 10 LIMIT 1  [["id", 10]]
  [1m[36mCACHE (0.0ms)[0m  [1mSELECT  `venues`.* FROM `venues`  WHERE `venues`.`id` = 10 LIMIT 1[0m  [["id", 10]]
  [1m[35mCACHE (0.0ms)[0m  SELECT  `venues`.* FROM `venues`  WHERE `venues`.`id` = 10 LIMIT 1  [["id", 10]]
  [1m[36mCACHE (0.0ms)[0m  [1mSELECT  `venues`.* FROM `venues`  WHERE `venues`.`id` = 10 LIMIT 1[0m  [["id", 10]]
  [1m[35mCACHE (0.0ms)[0m  SELECT  `venues`.* FROM `venues`  WHERE `venues`.`id` = 10 LIMIT 1  [["id", 10]]
  [1m[36mCACHE (0.0ms)[0m  [1mSELECT  `venues`.* FROM `venues`  WHERE `venues`.`id` = 2 LIMIT 1[0m  [["id", 2]]
  [1m[35mCACHE (0.0ms)[0m  SELECT  `venues`.* FROM `venues`  WHERE `venues`.`id` = 3 LIMIT 1  [["id", 3]]
  [1m[36mCACHE (0.0ms)[0m  [1mSELECT  `venues`.* FROM `venues`  WHERE `venues`.`id` = 3 LIMIT 1[0m  [["id", 3]]
  [1m[35mCACHE (0.0ms)[0m  SELECT  `venues`.* FROM `venues`  WHERE `venues`.`id` = 3 LIMIT 1  [["id", 3]]
  [1m[36mCACHE (0.0ms)[0m  [1mSELECT  `venues`.* FROM `venues`  WHERE `venues`.`id` = 3 LIMIT 1[0m  [["id", 3]]
  [1m[35mCACHE (0.0ms)[0m  SELECT  `venues`.* FROM `venues`  WHERE `venues`.`id` = 3 LIMIT 1  [["id", 3]]
  [1m[36mCACHE (0.0ms)[0m  [1mSELECT  `venues`.* FROM `venues`  WHERE `venues`.`id` = 3 LIMIT 1[0m  [["id", 3]]
  [1m[35mCACHE (0.0ms)[0m  SELECT  `venues`.* FROM `venues`  WHERE `venues`.`id` = 3 LIMIT 1  [["id", 3]]
  [1m[36mCACHE (0.0ms)[0m  [1mSELECT  `venues`.* FROM `venues`  WHERE `venues`.`id` = 3 LIMIT 1[0m  [["id", 3]]
  [1m[35mCACHE (0.0ms)[0m  SELECT  `venues`.* FROM `venues`  WHERE `venues`.`id` = 1 LIMIT 1  [["id", 1]]
  [1m[36mCACHE (0.0ms)[0m  [1mSELECT  `venues`.* FROM `venues`  WHERE `venues`.`id` = 8 LIMIT 1[0m  [["id", 8]]
  [1m[35mCACHE (0.0ms)[0m  SELECT  `venues`.* FROM `venues`  WHERE `venues`.`id` = 8 LIMIT 1  [["id", 8]]
  [1m[36mCACHE (0.0ms)[0m  [1mSELECT  `venues`.* FROM `venues`  WHERE `venues`.`id` = 1 LIMIT 1[0m  [["id", 1]]
  [1m[35mCACHE (0.0ms)[0m  SELECT  `venues`.* FROM `venues`  WHERE `venues`.`id` = 1 LIMIT 1  [["id", 1]]
  [1m[36mCACHE (0.0ms)[0m  [1mSELECT  `venues`.* FROM `venues`  WHERE `venues`.`id` = 3 LIMIT 1[0m  [["id", 3]]
  [1m[35mCACHE (0.0ms)[0m  SELECT  `venues`.* FROM `venues`  WHERE `venues`.`id` = 2 LIMIT 1  [["id", 2]]
  [1m[36mCACHE (0.0ms)[0m  [1mSELECT  `venues`.* FROM `venues`  WHERE `venues`.`id` = 2 LIMIT 1[0m  [["id", 2]]
  [1m[35mCACHE (0.0ms)[0m  SELECT  `venues`.* FROM `venues`  WHERE `venues`.`id` = 2 LIMIT 1  [["id", 2]]
  [1m[36mCACHE (0.0ms)[0m  [1mSELECT  `venues`.* FROM `venues`  WHERE `venues`.`id` = 2 LIMIT 1[0m  [["id", 2]]
  [1m[35mCACHE (0.0ms)[0m  SELECT  `venues`.* FROM `venues`  WHERE `venues`.`id` = 2 LIMIT 1  [["id", 2]]
  [1m[36mCACHE (0.0ms)[0m  [1mSELECT  `venues`.* FROM `venues`  WHERE `venues`.`id` = 2 LIMIT 1[0m  [["id", 2]]
  [1m[35mCACHE (0.0ms)[0m  SELECT  `venues`.* FROM `venues`  WHERE `venues`.`id` = 2 LIMIT 1  [["id", 2]]
  [1m[36mCACHE (0.0ms)[0m  [1mSELECT  `venues`.* FROM `venues`  WHERE `venues`.`id` = 2 LIMIT 1[0m  [["id", 2]]
  [1m[35mCACHE (0.0ms)[0m  SELECT  `venues`.* FROM `venues`  WHERE `venues`.`id` = 2 LIMIT 1  [["id", 2]]
  [1m[36mCACHE (0.0ms)[0m  [1mSELECT  `venues`.* FROM `venues`  WHERE `venues`.`id` = 2 LIMIT 1[0m  [["id", 2]]
  [1m[35mCACHE (0.0ms)[0m  SELECT  `venues`.* FROM `venues`  WHERE `venues`.`id` = 8 LIMIT 1  [["id", 8]]
  [1m[36mCACHE (0.0ms)[0m  [1mSELECT  `venues`.* FROM `venues`  WHERE `venues`.`id` = 8 LIMIT 1[0m  [["id", 8]]
  [1m[35mCACHE (0.0ms)[0m  SELECT  `venues`.* FROM `venues`  WHERE `venues`.`id` = 8 LIMIT 1  [["id", 8]]
  [1m[36mCACHE (0.0ms)[0m  [1mSELECT  `venues`.* FROM `venues`  WHERE `venues`.`id` = 8 LIMIT 1[0m  [["id", 8]]
  [1m[35mCACHE (0.0ms)[0m  SELECT  `venues`.* FROM `venues`  WHERE `venues`.`id` = 8 LIMIT 1  [["id", 8]]
  [1m[36mCACHE (0.0ms)[0m  [1mSELECT  `venues`.* FROM `venues`  WHERE `venues`.`id` = 8 LIMIT 1[0m  [["id", 8]]
  [1m[35mCACHE (0.0ms)[0m  SELECT  `venues`.* FROM `venues`  WHERE `venues`.`id` = 2 LIMIT 1  [["id", 2]]
  [1m[36mCACHE (0.0ms)[0m  [1mSELECT  `venues`.* FROM `venues`  WHERE `venues`.`id` = 2 LIMIT 1[0m  [["id", 2]]
  [1m[35mCACHE (0.0ms)[0m  SELECT  `venues`.* FROM `venues`  WHERE `venues`.`id` = 8 LIMIT 1  [["id", 8]]
  [1m[36mCACHE (0.0ms)[0m  [1mSELECT  `venues`.* FROM `venues`  WHERE `venues`.`id` = 8 LIMIT 1[0m  [["id", 8]]
  [1m[35mCACHE (0.0ms)[0m  SELECT  `venues`.* FROM `venues`  WHERE `venues`.`id` = 8 LIMIT 1  [["id", 8]]
  [1m[36mCACHE (0.0ms)[0m  [1mSELECT  `venues`.* FROM `venues`  WHERE `venues`.`id` = 8 LIMIT 1[0m  [["id", 8]]
  [1m[35mCACHE (0.0ms)[0m  SELECT  `venues`.* FROM `venues`  WHERE `venues`.`id` = 2 LIMIT 1  [["id", 2]]
  [1m[36mCACHE (0.0ms)[0m  [1mSELECT  `venues`.* FROM `venues`  WHERE `venues`.`id` = 3 LIMIT 1[0m  [["id", 3]]
  [1m[35mCACHE (0.0ms)[0m  SELECT  `venues`.* FROM `venues`  WHERE `venues`.`id` = 3 LIMIT 1  [["id", 3]]
  [1m[36mCACHE (0.0ms)[0m  [1mSELECT  `venues`.* FROM `venues`  WHERE `venues`.`id` = 2 LIMIT 1[0m  [["id", 2]]
  [1m[35mCACHE (0.0ms)[0m  SELECT  `venues`.* FROM `venues`  WHERE `venues`.`id` = 2 LIMIT 1  [["id", 2]]
  [1m[36mCACHE (0.0ms)[0m  [1mSELECT  `venues`.* FROM `venues`  WHERE `venues`.`id` = 2 LIMIT 1[0m  [["id", 2]]
  [1m[35mCACHE (0.0ms)[0m  SELECT  `venues`.* FROM `venues`  WHERE `venues`.`id` = 1 LIMIT 1  [["id", 1]]
  [1m[36mCACHE (0.0ms)[0m  [1mSELECT  `venues`.* FROM `venues`  WHERE `venues`.`id` = 1 LIMIT 1[0m  [["id", 1]]
  [1m[35mCACHE (0.0ms)[0m  SELECT  `venues`.* FROM `venues`  WHERE `venues`.`id` = 2 LIMIT 1  [["id", 2]]
  [1m[36mCACHE (0.0ms)[0m  [1mSELECT  `venues`.* FROM `venues`  WHERE `venues`.`id` = 3 LIMIT 1[0m  [["id", 3]]
  [1m[35mCACHE (0.0ms)[0m  SELECT  `venues`.* FROM `venues`  WHERE `venues`.`id` = 2 LIMIT 1  [["id", 2]]
  [1m[36mCACHE (0.0ms)[0m  [1mSELECT  `venues`.* FROM `venues`  WHERE `venues`.`id` = 10 LIMIT 1[0m  [["id", 10]]
  [1m[35mCACHE (0.0ms)[0m  SELECT  `venues`.* FROM `venues`  WHERE `venues`.`id` = 2 LIMIT 1  [["id", 2]]
  [1m[36mCACHE (0.0ms)[0m  [1mSELECT  `venues`.* FROM `venues`  WHERE `venues`.`id` = 1 LIMIT 1[0m  [["id", 1]]
  [1m[35mCACHE (0.0ms)[0m  SELECT  `venues`.* FROM `venues`  WHERE `venues`.`id` = 3 LIMIT 1  [["id", 3]]
  [1m[36mCACHE (0.0ms)[0m  [1mSELECT  `venues`.* FROM `venues`  WHERE `venues`.`id` = 3 LIMIT 1[0m  [["id", 3]]
  [1m[35mCACHE (0.0ms)[0m  SELECT  `venues`.* FROM `venues`  WHERE `venues`.`id` = 10 LIMIT 1  [["id", 10]]
  [1m[36mCACHE (0.0ms)[0m  [1mSELECT  `venues`.* FROM `venues`  WHERE `venues`.`id` = 10 LIMIT 1[0m  [["id", 10]]
  [1m[35mCACHE (0.0ms)[0m  SELECT  `venues`.* FROM `venues`  WHERE `venues`.`id` = 8 LIMIT 1  [["id", 8]]
  [1m[36mCACHE (0.0ms)[0m  [1mSELECT  `venues`.* FROM `venues`  WHERE `venues`.`id` = 8 LIMIT 1[0m  [["id", 8]]
  [1m[35mCACHE (0.0ms)[0m  SELECT  `venues`.* FROM `venues`  WHERE `venues`.`id` = 8 LIMIT 1  [["id", 8]]
  [1m[36mCACHE (0.0ms)[0m  [1mSELECT  `venues`.* FROM `venues`  WHERE `venues`.`id` = 8 LIMIT 1[0m  [["id", 8]]
  [1m[35mCACHE (0.0ms)[0m  SELECT  `venues`.* FROM `venues`  WHERE `venues`.`id` = 8 LIMIT 1  [["id", 8]]
  [1m[36mCACHE (0.0ms)[0m  [1mSELECT  `venues`.* FROM `venues`  WHERE `venues`.`id` = 8 LIMIT 1[0m  [["id", 8]]
  [1m[35mCACHE (0.0ms)[0m  SELECT  `venues`.* FROM `venues`  WHERE `venues`.`id` = 8 LIMIT 1  [["id", 8]]
  [1m[36mCACHE (0.0ms)[0m  [1mSELECT  `venues`.* FROM `venues`  WHERE `venues`.`id` = 8 LIMIT 1[0m  [["id", 8]]
  [1m[35mCACHE (0.0ms)[0m  SELECT  `venues`.* FROM `venues`  WHERE `venues`.`id` = 8 LIMIT 1  [["id", 8]]
  [1m[36mCACHE (0.0ms)[0m  [1mSELECT  `venues`.* FROM `venues`  WHERE `venues`.`id` = 8 LIMIT 1[0m  [["id", 8]]
  [1m[35mCACHE (0.1ms)[0m  SELECT  `venues`.* FROM `venues`  WHERE `venues`.`id` = 8 LIMIT 1  [["id", 8]]
  [1m[36mCACHE (0.0ms)[0m  [1mSELECT  `venues`.* FROM `venues`  WHERE `venues`.`id` = 8 LIMIT 1[0m  [["id", 8]]
  [1m[35mCACHE (0.0ms)[0m  SELECT  `venues`.* FROM `venues`  WHERE `venues`.`id` = 8 LIMIT 1  [["id", 8]]
  [1m[36mCACHE (0.0ms)[0m  [1mSELECT  `venues`.* FROM `venues`  WHERE `venues`.`id` = 8 LIMIT 1[0m  [["id", 8]]
  [1m[35mCACHE (0.0ms)[0m  SELECT  `venues`.* FROM `venues`  WHERE `venues`.`id` = 8 LIMIT 1  [["id", 8]]
  [1m[36mCACHE (0.0ms)[0m  [1mSELECT  `venues`.* FROM `venues`  WHERE `venues`.`id` = 8 LIMIT 1[0m  [["id", 8]]
  [1m[35mCACHE (0.0ms)[0m  SELECT  `venues`.* FROM `venues`  WHERE `venues`.`id` = 8 LIMIT 1  [["id", 8]]
  [1m[36mCACHE (0.0ms)[0m  [1mSELECT  `venues`.* FROM `venues`  WHERE `venues`.`id` = 1 LIMIT 1[0m  [["id", 1]]
  [1m[35mCACHE (0.0ms)[0m  SELECT  `venues`.* FROM `venues`  WHERE `venues`.`id` = 1 LIMIT 1  [["id", 1]]
  [1m[36mCACHE (0.0ms)[0m  [1mSELECT  `venues`.* FROM `venues`  WHERE `venues`.`id` = 1 LIMIT 1[0m  [["id", 1]]
  [1m[35mCACHE (0.0ms)[0m  SELECT  `venues`.* FROM `venues`  WHERE `venues`.`id` = 1 LIMIT 1  [["id", 1]]
  [1m[36mCACHE (0.0ms)[0m  [1mSELECT  `venues`.* FROM `venues`  WHERE `venues`.`id` = 1 LIMIT 1[0m  [["id", 1]]
  [1m[35mCACHE (0.0ms)[0m  SELECT  `venues`.* FROM `venues`  WHERE `venues`.`id` = 1 LIMIT 1  [["id", 1]]
  [1m[36mCACHE (0.0ms)[0m  [1mSELECT  `venues`.* FROM `venues`  WHERE `venues`.`id` = 3 LIMIT 1[0m  [["id", 3]]
  [1m[35mCACHE (0.0ms)[0m  SELECT  `venues`.* FROM `venues`  WHERE `venues`.`id` = 3 LIMIT 1  [["id", 3]]
  [1m[36mCACHE (0.0ms)[0m  [1mSELECT  `venues`.* FROM `venues`  WHERE `venues`.`id` = 1 LIMIT 1[0m  [["id", 1]]
  [1m[35mCACHE (0.0ms)[0m  SELECT  `venues`.* FROM `venues`  WHERE `venues`.`id` = 1 LIMIT 1  [["id", 1]]
  [1m[36mCACHE (0.0ms)[0m  [1mSELECT  `venues`.* FROM `venues`  WHERE `venues`.`id` = 1 LIMIT 1[0m  [["id", 1]]
  [1m[35mCACHE (0.0ms)[0m  SELECT  `venues`.* FROM `venues`  WHERE `venues`.`id` = 2 LIMIT 1  [["id", 2]]
  [1m[36mCACHE (0.0ms)[0m  [1mSELECT  `venues`.* FROM `venues`  WHERE `venues`.`id` = 9 LIMIT 1[0m  [["id", 9]]
  [1m[35mCACHE (0.0ms)[0m  SELECT  `venues`.* FROM `venues`  WHERE `venues`.`id` = 8 LIMIT 1  [["id", 8]]
  [1m[36mCACHE (0.0ms)[0m  [1mSELECT  `venues`.* FROM `venues`  WHERE `venues`.`id` = 8 LIMIT 1[0m  [["id", 8]]
  [1m[35mCACHE (0.0ms)[0m  SELECT  `venues`.* FROM `venues`  WHERE `venues`.`id` = 8 LIMIT 1  [["id", 8]]
  [1m[36mCACHE (0.0ms)[0m  [1mSELECT  `venues`.* FROM `venues`  WHERE `venues`.`id` = 8 LIMIT 1[0m  [["id", 8]]
  [1m[35mCACHE (0.0ms)[0m  SELECT  `venues`.* FROM `venues`  WHERE `venues`.`id` = 3 LIMIT 1  [["id", 3]]
  [1m[36mCACHE (0.0ms)[0m  [1mSELECT  `venues`.* FROM `venues`  WHERE `venues`.`id` = 3 LIMIT 1[0m  [["id", 3]]
  [1m[35mCACHE (0.0ms)[0m  SELECT  `venues`.* FROM `venues`  WHERE `venues`.`id` = 1 LIMIT 1  [["id", 1]]
  [1m[36mCACHE (0.0ms)[0m  [1mSELECT  `venues`.* FROM `venues`  WHERE `venues`.`id` = 3 LIMIT 1[0m  [["id", 3]]
  [1m[35mCACHE (0.0ms)[0m  SELECT  `venues`.* FROM `venues`  WHERE `venues`.`id` = 3 LIMIT 1  [["id", 3]]
  [1m[36mVenue Load (0.5ms)[0m  [1mSELECT  `venues`.* FROM `venues`  WHERE `venues`.`id` = 12 LIMIT 1[0m
  [1m[35mCACHE (0.0ms)[0m  SELECT  `venues`.* FROM `venues`  WHERE `venues`.`id` = 3 LIMIT 1  [["id", 3]]
  [1m[36mCACHE (0.0ms)[0m  [1mSELECT  `venues`.* FROM `venues`  WHERE `venues`.`id` = 3 LIMIT 1[0m  [["id", 3]]
  [1m[35mCACHE (0.0ms)[0m  SELECT  `venues`.* FROM `venues`  WHERE `venues`.`id` = 3 LIMIT 1  [["id", 3]]
  [1m[36mCACHE (0.0ms)[0m  [1mSELECT  `venues`.* FROM `venues`  WHERE `venues`.`id` = 3 LIMIT 1[0m  [["id", 3]]
  [1m[35mVenue Load (0.5ms)[0m  SELECT  `venues`.* FROM `venues`  WHERE `venues`.`id` = 15 LIMIT 1
  [1m[36mCACHE (0.0ms)[0m  [1mSELECT  `venues`.* FROM `venues`  WHERE `venues`.`id` = 15 LIMIT 1[0m  [["id", 15]]
  [1m[35mVenue Load (0.5ms)[0m  SELECT  `venues`.* FROM `venues`  WHERE `venues`.`id` = 33 LIMIT 1
  [1m[36mCACHE (0.0ms)[0m  [1mSELECT  `venues`.* FROM `venues`  WHERE `venues`.`id` = 33 LIMIT 1[0m  [["id", 33]]
  [1m[35mCACHE (0.0ms)[0m  SELECT  `venues`.* FROM `venues`  WHERE `venues`.`id` = 3 LIMIT 1  [["id", 3]]
  [1m[36mCACHE (0.0ms)[0m  [1mSELECT  `venues`.* FROM `venues`  WHERE `venues`.`id` = 3 LIMIT 1[0m  [["id", 3]]
  [1m[35mVenue Load (0.4ms)[0m  SELECT  `venues`.* FROM `venues`  WHERE `venues`.`id` = 11 LIMIT 1
  [1m[36mCACHE (0.0ms)[0m  [1mSELECT  `venues`.* FROM `venues`  WHERE `venues`.`id` = 11 LIMIT 1[0m  [["id", 11]]
  [1m[35mCACHE (0.0ms)[0m  SELECT  `venues`.* FROM `venues`  WHERE `venues`.`id` = 11 LIMIT 1  [["id", 11]]
  [1m[36mCACHE (0.0ms)[0m  [1mSELECT  `venues`.* FROM `venues`  WHERE `venues`.`id` = 11 LIMIT 1[0m  [["id", 11]]
  [1m[35mVenue Load (0.4ms)[0m  SELECT  `venues`.* FROM `venues`  WHERE `venues`.`id` = 13 LIMIT 1
  [1m[36mCACHE (0.0ms)[0m  [1mSELECT  `venues`.* FROM `venues`  WHERE `venues`.`id` = 13 LIMIT 1[0m  [["id", 13]]
  [1m[35mCACHE (0.0ms)[0m  SELECT  `venues`.* FROM `venues`  WHERE `venues`.`id` = 33 LIMIT 1  [["id", 33]]
  [1m[36mCACHE (0.0ms)[0m  [1mSELECT  `venues`.* FROM `venues`  WHERE `venues`.`id` = 15 LIMIT 1[0m  [["id", 15]]
  [1m[35mCACHE (0.0ms)[0m  SELECT  `venues`.* FROM `venues`  WHERE `venues`.`id` = 15 LIMIT 1  [["id", 15]]
  [1m[36mVenue Load (0.5ms)[0m  [1mSELECT  `venues`.* FROM `venues`  WHERE `venues`.`id` = 34 LIMIT 1[0m
  [1m[35mCACHE (0.0ms)[0m  SELECT  `venues`.* FROM `venues`  WHERE `venues`.`id` = 34 LIMIT 1  [["id", 34]]
  [1m[36mCACHE (0.0ms)[0m  [1mSELECT  `venues`.* FROM `venues`  WHERE `venues`.`id` = 34 LIMIT 1[0m  [["id", 34]]
  [1m[35mCACHE (0.0ms)[0m  SELECT  `venues`.* FROM `venues`  WHERE `venues`.`id` = 34 LIMIT 1  [["id", 34]]
  [1m[36mCACHE (0.0ms)[0m  [1mSELECT  `venues`.* FROM `venues`  WHERE `venues`.`id` = 34 LIMIT 1[0m  [["id", 34]]
  [1m[35mCACHE (0.0ms)[0m  SELECT  `venues`.* FROM `venues`  WHERE `venues`.`id` = 34 LIMIT 1  [["id", 34]]
  [1m[36mCACHE (0.0ms)[0m  [1mSELECT  `venues`.* FROM `venues`  WHERE `venues`.`id` = 34 LIMIT 1[0m  [["id", 34]]
  [1m[35mCACHE (0.0ms)[0m  SELECT  `venues`.* FROM `venues`  WHERE `venues`.`id` = 34 LIMIT 1  [["id", 34]]
  [1m[36mCACHE (0.0ms)[0m  [1mSELECT  `venues`.* FROM `venues`  WHERE `venues`.`id` = 13 LIMIT 1[0m  [["id", 13]]
  [1m[35mCACHE (0.0ms)[0m  SELECT  `venues`.* FROM `venues`  WHERE `venues`.`id` = 13 LIMIT 1  [["id", 13]]
  [1m[36mCACHE (0.0ms)[0m  [1mSELECT  `venues`.* FROM `venues`  WHERE `venues`.`id` = 13 LIMIT 1[0m  [["id", 13]]
  [1m[35mCACHE (0.0ms)[0m  SELECT  `venues`.* FROM `venues`  WHERE `venues`.`id` = 13 LIMIT 1  [["id", 13]]
  [1m[36mCACHE (0.0ms)[0m  [1mSELECT  `venues`.* FROM `venues`  WHERE `venues`.`id` = 13 LIMIT 1[0m  [["id", 13]]
  [1m[35mCACHE (0.0ms)[0m  SELECT  `venues`.* FROM `venues`  WHERE `venues`.`id` = 34 LIMIT 1  [["id", 34]]
  [1m[36mCACHE (0.0ms)[0m  [1mSELECT  `venues`.* FROM `venues`  WHERE `venues`.`id` = 34 LIMIT 1[0m  [["id", 34]]
  [1m[35mCACHE (0.0ms)[0m  SELECT  `venues`.* FROM `venues`  WHERE `venues`.`id` = 34 LIMIT 1  [["id", 34]]
  [1m[36mCACHE (0.0ms)[0m  [1mSELECT  `venues`.* FROM `venues`  WHERE `venues`.`id` = 34 LIMIT 1[0m  [["id", 34]]
  [1m[35mCACHE (0.0ms)[0m  SELECT  `venues`.* FROM `venues`  WHERE `venues`.`id` = 34 LIMIT 1  [["id", 34]]
  [1m[36mCACHE (0.0ms)[0m  [1mSELECT  `venues`.* FROM `venues`  WHERE `venues`.`id` = 34 LIMIT 1[0m  [["id", 34]]
  [1m[35mCACHE (0.0ms)[0m  SELECT  `venues`.* FROM `venues`  WHERE `venues`.`id` = 34 LIMIT 1  [["id", 34]]
  [1m[36mCACHE (0.0ms)[0m  [1mSELECT  `venues`.* FROM `venues`  WHERE `venues`.`id` = 34 LIMIT 1[0m  [["id", 34]]
  [1m[35mCACHE (0.0ms)[0m  SELECT  `venues`.* FROM `venues`  WHERE `venues`.`id` = 34 LIMIT 1  [["id", 34]]
  [1m[36mCACHE (0.0ms)[0m  [1mSELECT  `venues`.* FROM `venues`  WHERE `venues`.`id` = 34 LIMIT 1[0m  [["id", 34]]
  [1m[35mCACHE (0.0ms)[0m  SELECT  `venues`.* FROM `venues`  WHERE `venues`.`id` = 34 LIMIT 1  [["id", 34]]
  [1m[36mCACHE (0.0ms)[0m  [1mSELECT  `venues`.* FROM `venues`  WHERE `venues`.`id` = 34 LIMIT 1[0m  [["id", 34]]
  [1m[35mVenue Load (0.4ms)[0m  SELECT  `venues`.* FROM `venues`  WHERE `venues`.`id` = 35 LIMIT 1
  [1m[36mCACHE (0.0ms)[0m  [1mSELECT  `venues`.* FROM `venues`  WHERE `venues`.`id` = 35 LIMIT 1[0m  [["id", 35]]
  [1m[35mCACHE (0.0ms)[0m  SELECT  `venues`.* FROM `venues`  WHERE `venues`.`id` = 35 LIMIT 1  [["id", 35]]
  [1m[36mCACHE (0.0ms)[0m  [1mSELECT  `venues`.* FROM `venues`  WHERE `venues`.`id` = 35 LIMIT 1[0m  [["id", 35]]
  [1m[35mCACHE (0.0ms)[0m  SELECT  `venues`.* FROM `venues`  WHERE `venues`.`id` = 35 LIMIT 1  [["id", 35]]
  [1m[36mCACHE (0.0ms)[0m  [1mSELECT  `venues`.* FROM `venues`  WHERE `venues`.`id` = 35 LIMIT 1[0m  [["id", 35]]
Completed 200 OK in 336ms (Views: 318.9ms | ActiveRecord: 14.8ms)
